# End points of segments: 
#   0.00000000 0.12187110 0.24374220 0.41609390 0.62718080 0.79953250 0.92140360 
0.000000 0.004295
0.002437 0.068543
0.004875 0.136890
0.007312 0.205297
0.009750 0.273734
0.012187 0.342204
0.014625 0.410709
0.017062 0.479256
0.019499 0.547849
0.021937 0.616495
0.024374 0.685197
0.026812 0.753962
0.029249 0.822793
0.031686 0.891694
0.034124 0.960668
0.036561 1.029718
0.038999 1.098845
0.041436 1.168050
0.043874 1.237333
0.046311 1.306693
0.048748 1.376128
0.051186 1.445634
0.053623 1.515208
0.056061 1.584843
0.058498 1.654532
0.060935 1.724269
0.063373 1.794042
0.065810 1.863842
0.068248 1.933656
0.070685 2.003469
0.073123 2.073266
0.075560 2.143030
0.077997 2.212741
0.080435 2.282379
0.082872 2.351920
0.085310 2.421337
0.087747 2.490603
0.090185 2.559685
0.092622 2.628545
0.095059 2.697141
0.097497 2.765423
0.099934 2.833328
0.102372 2.900775
0.104809 2.967654
0.107246 3.033804
0.109684 3.098965
0.112121 3.162674
0.114559 3.223995
0.116996 3.280714
0.119434 3.326749
0.121871 3.346660

0.121871 3.346660
0.124309 3.347885
0.126746 3.351553
0.129183 3.357637
0.131621 3.366097
0.134058 3.376876
0.136496 3.389902
0.138933 3.405091
0.141371 3.422347
0.143808 3.441563
0.146245 3.462625
0.148683 3.485411
0.151120 3.509796
0.153558 3.535649
0.155995 3.562840
0.158432 3.588665
0.160870 3.593865
0.163307 3.599133
0.165745 3.604442
0.168182 3.609771
0.170620 3.615101
0.173057 3.620420
0.175494 3.625720
0.177932 3.630996
0.180369 3.636249
0.182807 3.641485
0.185244 3.646714
0.187682 3.651949
0.190119 3.657206
0.192556 3.662505
0.194994 3.667866
0.197431 3.673314
0.199869 3.678869
0.202306 3.684552
0.204743 3.690382
0.207181 3.696374
0.209618 3.702534
0.212056 3.708862
0.214493 3.715346
0.216930 3.721960
0.219368 3.728662
0.221805 3.735388
0.224243 3.742053
0.226680 3.748543
0.229118 3.754721
0.231555 3.760422
0.233992 3.765462
0.236430 3.769650
0.238867 3.772801
0.241305 3.774761
0.243742 3.775427

0.243742 3.775427
0.247189 3.774091
0.250636 3.770110
0.254083 3.763549
0.257530 3.754485
0.260977 3.742982
0.264424 3.729062
0.267871 3.712696
0.271318 3.693809
0.274765 3.672287
0.278212 3.648000
0.281660 3.620812
0.285107 3.590598
0.288554 3.557248
0.292001 3.520677
0.295448 3.455825
0.298895 3.357069
0.302342 3.257804
0.305789 3.158128
0.309236 3.058123
0.312683 2.957862
0.316130 2.857410
0.319577 2.756826
0.323024 2.656167
0.326471 2.555485
0.329918 2.454832
0.333365 2.354253
0.336812 2.253795
0.340259 2.153495
0.343706 2.053390
0.347153 1.953508
0.350600 1.853874
0.354047 1.754503
0.357494 1.655406
0.360941 1.556587
0.364388 1.458042
0.367835 1.359764
0.371282 1.261737
0.374729 1.163943
0.378177 1.066360
0.381624 0.968962
0.385071 0.871723
0.388518 0.774618
0.391965 0.677620
0.395412 0.580706
0.398859 0.483856
0.402306 0.387052
0.405753 0.290281
0.409200 0.193538
0.412647 0.096838
0.416094 0.004295

0.416094 0.004295
0.420316 0.160261
0.424537 0.319685
0.428759 0.477655
0.432981 0.633486
0.437203 0.786573
0.441424 0.936389
0.445646 1.082485
0.449868 1.224486
0.454089 1.362084
0.458311 1.495030
0.462533 1.623131
0.466755 1.746243
0.470977 1.864268
0.475198 1.977149
0.479420 2.084869
0.483642 2.187447
0.487863 2.284936
0.492085 2.377416
0.496307 2.464992
0.500529 2.547789
0.504750 2.625947
0.508972 2.699614
0.513194 2.768943
0.517416 2.834083
0.521637 2.895175
0.525859 2.952345
0.530081 3.005694
0.534303 3.055288
0.538524 3.101149
0.542746 3.143238
0.546968 3.181444
0.551189 3.215566
0.555411 3.245308
0.559633 3.270280
0.563855 3.290016
0.568076 3.304021
0.572298 3.311853
0.576520 3.313232
0.580742 3.287083
0.584963 3.255886
0.589185 3.228663
0.593407 3.205231
0.597629 3.185367
0.601850 3.168828
0.606072 3.155366
0.610294 3.144736
0.614516 3.136722
0.618737 3.131138
0.622959 3.127846
0.627181 3.126758

0.627181 3.126758
0.630628 3.127653
0.634075 3.130325
0.637522 3.134736
0.640969 3.140824
0.644416 3.148500
0.647863 3.157652
0.651310 3.168146
0.654757 3.179824
0.658204 3.192509
0.661651 3.206006
0.665098 3.220108
0.668545 3.234597
0.671992 3.249257
0.675439 3.263875
0.678886 3.278253
0.682333 3.292216
0.685780 3.305622
0.689227 3.318365
0.692674 3.330381
0.696121 3.341649
0.699569 3.352186
0.703016 3.362047
0.706463 3.371310
0.709910 3.380071
0.713357 3.384929
0.716804 3.385486
0.720251 3.385448
0.723698 3.384837
0.727145 3.383677
0.730592 3.382003
0.734039 3.379863
0.737486 3.377325
0.740933 3.374473
0.744380 3.371405
0.747827 3.368230
0.751274 3.365055
0.754721 3.361984
0.758168 3.359107
0.761615 3.356498
0.765062 3.354206
0.768509 3.352259
0.771956 3.350664
0.775403 3.349404
0.778850 3.348450
0.782297 3.347759
0.785744 3.347282
0.789191 3.346973
0.792638 3.346787
0.796086 3.346690
0.799532 3.346660

0.799532 3.126758
0.801970 3.127465
0.804407 3.129580
0.806845 3.133093
0.809282 3.137985
0.811720 3.144230
0.814157 3.151797
0.816595 3.160645
0.819032 3.170729
0.821469 3.181998
0.823907 3.194394
0.826344 3.207858
0.828782 3.222321
0.831219 3.237715
0.833656 3.253965
0.836094 3.270995
0.838531 3.288727
0.840969 3.307079
0.843406 3.325970
0.845843 3.345317
0.848281 3.365035
0.850718 3.385042
0.853156 3.405255
0.855593 3.425589
0.858031 3.445964
0.860468 3.466300
0.862905 3.486516
0.865343 3.506538
0.867780 3.526288
0.870218 3.545695
0.872655 3.564688
0.875093 3.583200
0.877530 3.601165
0.879967 3.618521
0.882405 3.635209
0.884842 3.651172
0.887280 3.666358
0.889717 3.680716
0.892154 3.694200
0.894592 3.706766
0.897029 3.718375
0.899467 3.728989
0.901904 3.738575
0.904342 3.747105
0.906779 3.754550
0.909216 3.760888
0.911654 3.766101
0.914091 3.770172
0.916529 3.773088
0.918966 3.774842
0.921404 3.775427


0.000000 0.004295
0.002437 0.068543
0.004875 0.136890
0.007312 0.205297
0.009750 0.273734
0.012187 0.342204
0.014625 0.410709
0.017062 0.479256
0.019499 0.547849
0.021937 0.616495
0.024374 0.685197
0.026812 0.753962
0.029249 0.822793
0.031686 0.891694
0.034124 0.960668
0.036561 1.029718
0.038999 1.098845
0.041436 1.168050
0.043874 1.237333
0.046311 1.306693
0.048748 1.376128
0.051186 1.445634
0.053623 1.515208
0.056061 1.584843
0.058498 1.654532
0.060935 1.724269
0.063373 1.794042
0.065810 1.863842
0.068248 1.933656
0.070685 2.003469
0.073123 2.073266
0.075560 2.143030
0.077997 2.212741
0.080435 2.282379
0.082872 2.351920
0.085310 2.421337
0.087747 2.490603
0.090185 2.559685
0.092622 2.628545
0.095059 2.697141
0.097497 2.765423
0.099934 2.833328
0.102372 2.900775
0.104809 2.967654
0.107246 3.033804
0.109684 3.098965
0.112121 3.162674
0.114559 3.223995
0.116996 3.280714
0.119434 3.326749
0.121871 3.346660

0.121871 3.346660
0.124309 3.348608
0.126746 3.354433
0.129183 3.364079
0.131621 3.377452
0.134058 3.394424
0.136496 3.414834
0.138933 3.438489
0.141371 3.465170
0.143808 3.494632
0.146245 3.526608
0.148683 3.560813
0.151120 3.573775
0.153558 3.578586
0.155995 3.583561
0.158432 3.591239
0.160870 3.620718
0.163307 3.651150
0.165745 3.682415
0.168182 3.714397
0.170620 3.746985
0.173057 3.780078
0.175494 3.813578
0.177932 3.847395
0.180369 3.881449
0.182807 3.915663
0.185244 3.945719
0.187682 3.975260
0.190119 4.005500
0.192556 4.036369
0.194994 4.067788
0.197431 4.099672
0.199869 4.131920
0.202306 4.164423
0.204743 4.197056
0.207181 4.229679
0.209618 4.257615
0.212056 4.257226
0.214493 4.255192
0.216930 4.251834
0.219368 4.247479
0.221805 4.242450
0.224243 4.237054
0.226680 4.231579
0.229118 4.226285
0.231555 4.221406
0.233992 4.217139
0.236430 4.213648
0.238867 4.211062
0.241305 4.209474
0.243742 4.208938

0.243742 4.208938
0.247189 4.210484
0.250636 4.215052
0.254083 4.222456
0.257530 4.232427
0.260977 4.244661
0.264424 4.258861
0.267871 4.201618
0.271318 4.116422
0.274765 4.027683
0.278212 3.936246
0.281660 3.842742
0.285107 3.747639
0.288554 3.651286
0.292001 3.553948
0.295448 3.480820
0.298895 3.437630
0.302342 3.391075
0.305789 3.341135
0.309236 3.287796
0.312683 3.231049
0.316130 3.170884
0.319577 3.107296
0.323024 3.040277
0.326471 2.969822
0.329918 2.895923
0.333365 2.818578
0.336812 2.737783
0.340259 2.653538
0.343706 2.565848
0.347153 2.474719
0.350600 2.380162
0.354047 2.282194
0.357494 2.180833
0.360941 2.076104
0.364388 1.968034
0.367835 1.856656
0.371282 1.742007
0.374729 1.624128
0.378177 1.503071
0.381624 1.378898
0.385071 1.251685
0.388518 1.121534
0.391965 0.988574
0.395412 0.852974
0.398859 0.714950
0.402306 0.574776
0.405753 0.432783
0.409200 0.289366
0.412647 0.144983
0.416094 0.004295

0.416094 0.004295
0.420316 0.160261
0.424537 0.319685
0.428759 0.477655
0.432981 0.633486
0.437203 0.786573
0.441424 0.936389
0.445646 1.082485
0.449868 1.224486
0.454089 1.362084
0.458311 1.495030
0.462533 1.623131
0.466755 1.746243
0.470977 1.864268
0.475198 1.977149
0.479420 2.084869
0.483642 2.187447
0.487863 2.284936
0.492085 2.377416
0.496307 2.464992
0.500529 2.547789
0.504750 2.625947
0.508972 2.699614
0.513194 2.768943
0.517416 2.834083
0.521637 2.895175
0.525859 2.952345
0.530081 3.005694
0.534303 3.055288
0.538524 3.101149
0.542746 3.143238
0.546968 3.181444
0.551189 3.215566
0.555411 3.245308
0.559633 3.270280
0.563855 3.290016
0.568076 3.304021
0.572298 3.311853
0.576520 3.313232
0.580742 3.308162
0.584963 3.297036
0.589185 3.280676
0.593407 3.260288
0.597629 3.237354
0.601850 3.213478
0.606072 3.190249
0.610294 3.169122
0.614516 3.151350
0.618737 3.137931
0.622959 3.129588
0.627181 3.126758

0.627181 3.126758
0.630628 3.128305
0.634075 3.132901
0.637522 3.140420
0.640969 3.150654
0.644416 3.163317
0.647863 3.178052
0.651310 3.194440
0.654757 3.212018
0.658204 3.230288
0.661651 3.248749
0.665098 3.266914
0.668545 3.284340
0.671992 3.300653
0.675439 3.315564
0.678886 3.328886
0.682333 3.340528
0.685780 3.350495
0.689227 3.358864
0.692674 3.365764
0.696121 3.371357
0.699569 3.375807
0.703016 3.379272
0.706463 3.381883
0.709910 3.383744
0.713357 3.388436
0.716804 3.396509
0.720251 3.404388
0.723698 3.412158
0.727145 3.419887
0.730592 3.427626
0.734039 3.435406
0.737486 3.443239
0.740933 3.451117
0.744380 3.459019
0.747827 3.466907
0.751274 3.474733
0.754721 3.482438
0.758168 3.489958
0.761615 3.497223
0.765062 3.504160
0.768509 3.510698
0.771956 3.516766
0.775403 3.522296
0.778850 3.527227
0.782297 3.497021
0.785744 3.444624
0.789191 3.402540
0.792638 3.371746
0.796086 3.352969
0.799532 3.346660

0.799532 3.126758
0.801970 3.127533
0.804407 3.129857
0.806845 3.133730
0.809282 3.139150
0.811720 3.146114
0.814157 3.154620
0.816595 3.164663
0.819032 3.176239
0.821469 3.189340
0.823907 3.203958
0.826344 3.220082
0.828782 3.237700
0.831219 3.256796
0.833656 3.277351
0.836094 3.299342
0.838531 3.322743
0.840969 3.347522
0.843406 3.373642
0.845843 3.401060
0.848281 3.429725
0.850718 3.459582
0.853156 3.490562
0.855593 3.522593
0.858031 3.555587
0.860468 3.589448
0.862905 3.624067
0.865343 3.659322
0.867780 3.695075
0.870218 3.731175
0.872655 3.767450
0.875093 3.803716
0.877530 3.839765
0.879967 3.875376
0.882405 3.910308
0.884842 3.944307
0.887280 3.977106
0.889717 4.008436
0.892154 4.038033
0.894592 4.065647
0.897029 4.091058
0.899467 4.114089
0.901904 4.134613
0.904342 4.152563
0.906779 4.167924
0.909216 4.180729
0.911654 4.191043
0.914091 4.198947
0.916529 4.204523
0.918966 4.207838
0.921404 4.208938


0.000000 0.004295
0.002437 0.188887
0.004875 0.377428
0.007312 0.565448
0.009750 0.752684
0.012187 0.938901
0.014625 1.123889
0.017062 1.307465
0.019499 1.489468
0.021937 1.669768
0.024374 1.848252
0.026812 2.024829
0.029249 2.199424
0.031686 2.371974
0.034124 2.542427
0.036561 2.710735
0.038999 2.876854
0.041436 3.040743
0.043874 3.202359
0.046311 3.361658
0.048748 3.518594
0.051186 3.673116
0.053623 3.825172
0.056061 3.974703
0.058498 4.121649
0.060935 4.265943
0.063373 4.407515
0.065810 4.546289
0.068248 4.662367
0.070685 4.620094
0.073123 4.576247
0.075560 4.530894
0.077997 4.484101
0.080435 4.435931
0.082872 4.386448
0.085310 4.335713
0.087747 4.283786
0.090185 4.230730
0.092622 4.176608
0.095059 4.121486
0.097497 4.065438
0.099934 4.008546
0.102372 3.950907
0.104809 3.892646
0.107246 3.833940
0.109684 3.775058
0.112121 3.716473
0.114559 3.659130
0.116996 3.605248
0.119434 3.560913
0.121871 3.541569

0.121871 3.541569
0.124309 3.541822
0.126746 3.542581
0.129183 3.543835
0.131621 3.545573
0.134058 3.547774
0.136496 3.550415
0.138933 3.553470
0.141371 3.556907
0.143808 3.560693
0.146245 3.564790
0.148683 3.569164
0.151120 3.596944
0.153558 3.634689
0.155995 3.663157
0.158432 3.680885
0.160870 3.699753
0.163307 3.719745
0.165745 3.740837
0.168182 3.763006
0.170620 3.786226
0.173057 3.810468
0.175494 3.835699
0.177932 3.861882
0.180369 3.888977
0.182807 3.916940
0.185244 3.949967
0.187682 3.984295
0.190119 4.018588
0.192556 4.052785
0.194994 4.086828
0.197431 4.120658
0.199869 4.154212
0.202306 4.187421
0.204743 4.220207
0.207181 4.252481
0.209618 4.262132
0.212056 4.294238
0.214493 4.325795
0.216930 4.356578
0.219368 4.355328
0.221805 4.330384
0.224243 4.307148
0.226680 4.285817
0.229118 4.266605
0.231555 4.249749
0.233992 4.235492
0.236430 4.224079
0.238867 4.215736
0.241305 4.210649
0.243742 4.208938

0.243742 4.208938
0.247189 4.211885
0.250636 4.220673
0.254083 4.235150
0.257530 4.255067
0.260977 4.280092
0.264424 4.282142
0.267871 4.274770
0.271318 4.292184
0.274765 4.310952
0.278212 4.330967
0.281660 4.352147
0.285107 4.374425
0.288554 4.397735
0.292001 4.421999
0.295448 4.447126
0.298895 4.473010
0.302342 4.499530
0.305789 4.526554
0.309236 4.553947
0.312683 4.581565
0.316130 4.609268
0.319577 4.636916
0.323024 4.664377
0.326471 4.691521
0.329918 4.718229
0.333365 4.744389
0.336812 4.769896
0.340259 4.794657
0.343706 4.666853
0.347153 4.481240
0.350600 4.290566
0.354047 4.095169
0.357494 3.895277
0.360941 3.691078
0.364388 3.482751
0.367835 3.270474
0.371282 3.054423
0.374729 2.834783
0.378177 2.611742
0.381624 2.385498
0.385071 2.156257
0.388518 1.924238
0.391965 1.689675
0.395412 1.452816
0.398859 1.213931
0.402306 0.973311
0.405753 0.731269
0.409200 0.488140
0.412647 0.244285
0.416094 0.004295

0.416094 0.004295
0.420316 0.289279
0.424537 0.578168
0.428759 0.866392
0.432981 1.153618
0.437203 1.439539
0.441424 1.723867
0.445646 2.006336
0.449868 2.286699
0.454089 2.564728
0.458311 2.840213
0.462533 3.112959
0.466755 3.382783
0.470977 3.649511
0.475198 3.912974
0.479420 4.173004
0.483642 4.429431
0.487863 4.612982
0.492085 4.556295
0.496307 4.496644
0.500529 4.434281
0.504750 4.369504
0.508972 4.302657
0.513194 4.234128
0.517416 4.164342
0.521637 4.093760
0.525859 4.022869
0.530081 3.952175
0.534303 3.882198
0.538524 3.813457
0.542746 3.746460
0.546968 3.681697
0.551189 3.619623
0.555411 3.560648
0.559633 3.505129
0.563855 3.453360
0.568076 3.405562
0.572298 3.361882
0.576520 3.322391
0.580742 3.308162
0.584963 3.297036
0.589185 3.280676
0.593407 3.260288
0.597629 3.237354
0.601850 3.213478
0.606072 3.190249
0.610294 3.169122
0.614516 3.151350
0.618737 3.137931
0.622959 3.129588
0.627181 3.126758

0.627181 3.126758
0.630628 3.128822
0.634075 3.134978
0.637522 3.145117
0.640969 3.159067
0.644416 3.176595
0.647863 3.197420
0.651310 3.221225
0.654757 3.247664
0.658204 3.276380
0.661651 3.307006
0.665098 3.339182
0.668545 3.372553
0.671992 3.406780
0.675439 3.441534
0.678886 3.476506
0.682333 3.511398
0.685780 3.545925
0.689227 3.579813
0.692674 3.612796
0.696121 3.644612
0.699569 3.675000
0.703016 3.703701
0.706463 3.730454
0.709910 3.754995
0.713357 3.777060
0.716804 3.796388
0.720251 3.812722
0.723698 3.825821
0.727145 3.835468
0.730592 3.841481
0.734039 3.843724
0.737486 3.842123
0.740933 3.836678
0.744380 3.827475
0.747827 3.814694
0.751274 3.798613
0.754721 3.779612
0.758168 3.758162
0.761615 3.734822
0.765062 3.710220
0.768509 3.685035
0.771956 3.659977
0.775403 3.627779
0.778850 3.558532
0.782297 3.531500
0.785744 3.535067
0.789191 3.537886
0.792638 3.539924
0.796086 3.541156
0.799532 3.541569

0.799532 3.126758
0.801970 3.127533
0.804407 3.129857
0.806845 3.133730
0.809282 3.139150
0.811720 3.146114
0.814157 3.154620
0.816595 3.164663
0.819032 3.176239
0.821469 3.189340
0.823907 3.203958
0.826344 3.220082
0.828782 3.237700
0.831219 3.256796
0.833656 3.277351
0.836094 3.299342
0.838531 3.322743
0.840969 3.347522
0.843406 3.373642
0.845843 3.401060
0.848281 3.429725
0.850718 3.459582
0.853156 3.490562
0.855593 3.522593
0.858031 3.555587
0.860468 3.589448
0.862905 3.624067
0.865343 3.659322
0.867780 3.695075
0.870218 3.731175
0.872655 3.767450
0.875093 3.803716
0.877530 3.839765
0.879967 3.875376
0.882405 3.910308
0.884842 3.944307
0.887280 3.977106
0.889717 4.008436
0.892154 4.038033
0.894592 4.065647
0.897029 4.091058
0.899467 4.114089
0.901904 4.134613
0.904342 4.152563
0.906779 4.167924
0.909216 4.180729
0.911654 4.191043
0.914091 4.198947
0.916529 4.204523
0.918966 4.207838
0.921404 4.208938


0.000000 5.063326
0.002437 5.063569
0.004875 5.064278
0.007312 5.065380
0.009750 5.066759
0.012187 5.068252
0.014625 5.069652
0.017062 5.070713
0.019499 5.071154
0.021937 5.070670
0.024374 5.068945
0.026812 5.065669
0.029249 5.060554
0.031686 5.053348
0.034124 5.043852
0.036561 5.031923
0.038999 5.017479
0.041436 5.000485
0.043874 4.980955
0.046311 4.958932
0.048748 4.934487
0.051186 4.907702
0.053623 4.878667
0.056061 4.847478
0.058498 4.814227
0.060935 4.779005
0.063373 4.741900
0.065810 4.702994
0.068248 4.662367
0.070685 4.620094
0.073123 4.576247
0.075560 4.530894
0.077997 4.484101
0.080435 4.435931
0.082872 4.386448
0.085310 4.335713
0.087747 4.283786
0.090185 4.230730
0.092622 4.176608
0.095059 4.121486
0.097497 4.065438
0.099934 4.008546
0.102372 3.950907
0.104809 3.892646
0.107246 3.833940
0.109684 3.775058
0.112121 3.716473
0.114559 3.659130
0.116996 3.605248
0.119434 3.560913
0.121871 3.541569

0.121871 3.541569
0.124309 3.542196
0.126746 3.544079
0.129183 3.547215
0.131621 3.551602
0.134058 3.557238
0.136496 3.564119
0.138933 3.572239
0.141371 3.581593
0.143808 3.592174
0.146245 3.603974
0.148683 3.616983
0.151120 3.631192
0.153558 3.646588
0.155995 3.673722
0.158432 3.713712
0.160870 3.754321
0.163307 3.795211
0.165745 3.836041
0.168182 3.876475
0.170620 3.916180
0.173057 3.954831
0.175494 3.992117
0.177932 4.027737
0.180369 4.061411
0.182807 4.092881
0.185244 4.121918
0.187682 4.148324
0.190119 4.171941
0.192556 4.192654
0.194994 4.210398
0.197431 4.225158
0.199869 4.236978
0.202306 4.245956
0.204743 4.252245
0.207181 4.256048
0.209618 4.284140
0.212056 4.315063
0.214493 4.345111
0.216930 4.374119
0.219368 4.386335
0.221805 4.414785
0.224243 4.441622
0.226680 4.466516
0.229118 4.489114
0.231555 4.509057
0.233992 4.525988
0.236430 4.539568
0.238867 4.549504
0.241305 4.555565
0.243742 4.557602

0.243742 4.557602
0.247189 4.548352
0.250636 4.521360
0.254083 4.478627
0.257530 4.422784
0.260977 4.356504
0.264424 4.309825
0.267871 4.343805
0.271318 4.381535
0.274765 4.422490
0.278212 4.466133
0.281660 4.511924
0.285107 4.559334
0.288554 4.607847
0.292001 4.656966
0.295448 4.706219
0.298895 4.755159
0.302342 4.803366
0.305789 4.850447
0.309236 4.896034
0.312683 4.939780
0.316130 4.981357
0.319577 5.013905
0.323024 5.033713
0.326471 5.051689
0.329918 5.067750
0.333365 5.081838
0.336812 5.016910
0.340259 4.846632
0.343706 4.818586
0.347153 4.841607
0.350600 4.863651
0.354047 4.884661
0.357494 4.904587
0.360941 4.923385
0.364388 4.941024
0.367835 4.957475
0.371282 4.972719
0.374729 4.986743
0.378177 4.999541
0.381624 5.011111
0.385071 5.021459
0.388518 5.030596
0.391965 5.038540
0.395412 5.045315
0.398859 5.050951
0.402306 5.055483
0.405753 5.058952
0.409200 5.061394
0.412647 5.062845
0.416094 5.063326

0.416094 5.063326
0.420316 5.061915
0.424537 5.057674
0.428759 5.050572
0.432981 5.040560
0.437203 5.027573
0.441424 5.011532
0.445646 4.992352
0.449868 4.969941
0.454089 4.944211
0.458311 4.915078
0.462533 4.882474
0.466755 4.846345
0.470977 4.806665
0.475198 4.763435
0.479420 4.716688
0.483642 4.666499
0.487863 4.682073
0.492085 4.930734
0.496307 5.130498
0.500529 5.097502
0.504750 5.060993
0.508972 5.021448
0.513194 4.979333
0.517416 4.935102
0.521637 4.889199
0.525859 4.842048
0.530081 4.794057
0.534303 4.745616
0.538524 4.697093
0.542746 4.648846
0.546968 4.601224
0.551189 4.554585
0.555411 4.509312
0.559633 4.465834
0.563855 4.424645
0.568076 4.386301
0.572298 4.351392
0.576520 4.320478
0.580742 4.293991
0.584963 4.272135
0.589185 4.254828
0.593407 4.241709
0.597629 4.232207
0.601850 4.225642
0.606072 4.221326
0.610294 4.218640
0.614516 4.217068
0.618737 4.216217
0.622959 4.215812
0.627181 4.215694

0.627181 4.215694
0.630628 4.215552
0.634075 4.215141
0.637522 4.214512
0.640969 4.213746
0.644416 4.212958
0.647863 4.212293
0.651310 4.211927
0.654757 4.212063
0.658204 4.212932
0.661651 4.214783
0.665098 4.217886
0.668545 4.222518
0.671992 4.228960
0.675439 4.237487
0.678886 4.248356
0.682333 4.261798
0.685780 4.278004
0.689227 4.297120
0.692674 4.319240
0.696121 4.344400
0.699569 4.372582
0.703016 4.403719
0.706463 4.437696
0.709910 4.474359
0.713357 4.511363
0.716804 4.518885
0.720251 4.521451
0.723698 4.517981
0.727145 4.507416
0.730592 4.488804
0.734039 4.461397
0.737486 4.424742
0.740933 4.378759
0.744380 4.323770
0.747827 4.260498
0.751274 4.190020
0.754721 4.113701
0.758168 4.033120
0.761615 3.949989
0.765062 3.866097
0.768509 3.783249
0.771956 3.703233
0.775403 3.635764
0.778850 3.613099
0.782297 3.592647
0.785744 3.575010
0.789191 3.560714
0.792638 3.550186
0.796086 3.543739
0.799532 3.541569

0.799532 4.215694
0.801970 4.215951
0.804407 4.216720
0.806845 4.217999
0.809282 4.219783
0.811720 4.222063
0.814157 4.224832
0.816595 4.228078
0.819032 4.231789
0.821469 4.235949
0.823907 4.240541
0.826344 4.245548
0.828782 4.250950
0.831219 4.256725
0.833656 4.262850
0.836094 4.269303
0.838531 4.276058
0.840969 4.283089
0.843406 4.290372
0.845843 4.297880
0.848281 4.305587
0.850718 4.313469
0.853156 4.321502
0.855593 4.329664
0.858031 4.337934
0.860468 4.346295
0.862905 4.354734
0.865343 4.363240
0.867780 4.371808
0.870218 4.380439
0.872655 4.389140
0.875093 4.397921
0.877530 4.406805
0.879967 4.415815
0.882405 4.424983
0.884842 4.434341
0.887280 4.443922
0.889717 4.453750
0.892154 4.463834
0.894592 4.474157
0.897029 4.484666
0.899467 4.495261
0.901904 4.505788
0.904342 4.516040
0.906779 4.525764
0.909216 4.534675
0.911654 4.542477
0.914091 4.548888
0.916529 4.553662
0.918966 4.556607
0.921404 4.557602


0.000000 5.063326
0.002437 5.063569
0.004875 5.064278
0.007312 5.065380
0.009750 5.066759
0.012187 5.068252
0.014625 5.069652
0.017062 5.070713
0.019499 5.071154
0.021937 5.070670
0.024374 5.068945
0.026812 5.065669
0.029249 5.060554
0.031686 5.053348
0.034124 5.043852
0.036561 5.031923
0.038999 5.017479
0.041436 5.000485
0.043874 4.980955
0.046311 4.958932
0.048748 4.934487
0.051186 4.907702
0.053623 4.878667
0.056061 4.847478
0.058498 4.814227
0.060935 4.779005
0.063373 4.741900
0.065810 4.702994
0.068248 4.682185
0.070685 4.815115
0.073123 4.944988
0.075560 5.071703
0.077997 5.195150
0.080435 5.315211
0.082872 5.401540
0.085310 5.412612
0.087747 5.423169
0.090185 5.433172
0.092622 5.442585
0.095059 5.451374
0.097497 5.459506
0.099934 5.466954
0.102372 5.473690
0.104809 5.479690
0.107246 5.484934
0.109684 5.489403
0.112121 5.493081
0.114559 5.495954
0.116996 5.498015
0.119434 5.499253
0.121871 5.499667

0.121871 5.499667
0.124309 5.498111
0.126746 5.493461
0.129183 5.485771
0.131621 5.475127
0.134058 5.461645
0.136496 5.445466
0.138933 5.426748
0.141371 5.405664
0.143808 5.382395
0.146245 5.357126
0.148683 5.330041
0.151120 5.301324
0.153558 5.271151
0.155995 5.239691
0.158432 5.207105
0.160870 5.173548
0.163307 5.139162
0.165745 5.104084
0.168182 5.068439
0.170620 5.032345
0.173057 4.995915
0.175494 4.959250
0.177932 4.922450
0.180369 4.885605
0.182807 4.848803
0.185244 4.812125
0.187682 4.775652
0.190119 4.739458
0.192556 4.703619
0.194994 4.668208
0.197431 4.633298
0.199869 4.598964
0.202306 4.565283
0.204743 4.532333
0.207181 4.500200
0.209618 4.468976
0.212056 4.438761
0.214493 4.409663
0.216930 4.381806
0.219368 4.401900
0.221805 4.428242
0.224243 4.452905
0.226680 4.475629
0.229118 4.496137
0.231555 4.514141
0.233992 4.529357
0.236430 4.541517
0.238867 4.550388
0.241305 4.555789
0.243742 4.557602

0.243742 4.557602
0.247189 4.559200
0.250636 4.563972
0.254083 4.571851
0.257530 4.582728
0.260977 4.596455
0.264424 4.612844
0.267871 4.631677
0.271318 4.652706
0.274765 4.675660
0.278212 4.700249
0.281660 4.726171
0.285107 4.753115
0.288554 4.780768
0.292001 4.808817
0.295448 4.836958
0.298895 4.864895
0.302342 4.892349
0.305789 4.919056
0.309236 4.944773
0.312683 4.969279
0.316130 4.992380
0.319577 5.020435
0.323024 5.056645
0.326471 5.089422
0.329918 5.117193
0.333365 5.126723
0.336812 5.093925
0.340259 5.104013
0.343706 5.112129
0.347153 5.118326
0.350600 5.122684
0.354047 5.125305
0.357494 5.126311
0.360941 5.125845
0.364388 5.124065
0.367835 5.121145
0.371282 5.117267
0.374729 5.112623
0.378177 5.107411
0.381624 5.101827
0.385071 5.096066
0.388518 5.090321
0.391965 5.084770
0.395412 5.079585
0.398859 5.074917
0.402306 5.070904
0.405753 5.067659
0.409200 5.065274
0.412647 5.063816
0.416094 5.063326

0.416094 5.063326
0.420316 5.065435
0.424537 5.071679
0.428759 5.081810
0.432981 5.095409
0.437203 5.111887
0.441424 5.130480
0.445646 5.150255
0.449868 5.170122
0.454089 5.188877
0.458311 5.205267
0.462533 5.218097
0.466755 5.226348
0.470977 5.229285
0.475198 5.226500
0.479420 5.217901
0.483642 5.203640
0.487863 5.184036
0.492085 5.159501
0.496307 5.130498
0.500529 5.097502
0.504750 5.060993
0.508972 5.021448
0.513194 4.979333
0.517416 4.935102
0.521637 4.889199
0.525859 4.842048
0.530081 4.794057
0.534303 4.745616
0.538524 4.697093
0.542746 4.648846
0.546968 4.601224
0.551189 4.554585
0.555411 4.509312
0.559633 4.465834
0.563855 4.424645
0.568076 4.386301
0.572298 4.351392
0.576520 4.320478
0.580742 4.293991
0.584963 4.272135
0.589185 4.254828
0.593407 4.241709
0.597629 4.232207
0.601850 4.225642
0.606072 4.221326
0.610294 4.218640
0.614516 4.217068
0.618737 4.216217
0.622959 4.215812
0.627181 4.215694

0.627181 4.215694
0.630628 4.216208
0.634075 4.217754
0.637522 4.220342
0.640969 4.223988
0.644416 4.228714
0.647863 4.234544
0.651310 4.241507
0.654757 4.249628
0.658204 4.258931
0.661651 4.269433
0.665098 4.281143
0.668545 4.294056
0.671992 4.308152
0.675439 4.323387
0.678886 4.339692
0.682333 4.356964
0.685780 4.375060
0.689227 4.393789
0.692674 4.412900
0.696121 4.432074
0.699569 4.450912
0.703016 4.468917
0.706463 4.485490
0.709910 4.499917
0.713357 4.513527
0.716804 4.554994
0.720251 4.598538
0.723698 4.643923
0.727145 4.690908
0.730592 4.739242
0.734039 4.788672
0.737486 4.838936
0.740933 4.889767
0.744380 4.940888
0.747827 4.992012
0.751274 5.042835
0.754721 5.093038
0.758168 5.142279
0.761615 5.190192
0.765062 5.236380
0.768509 5.280416
0.771956 5.321843
0.775403 5.360169
0.778850 5.394883
0.782297 5.425458
0.785744 5.451371
0.789191 5.472131
0.792638 5.487307
0.796086 5.496558
0.799532 5.499667

0.799532 4.215694
0.801970 4.215951
0.804407 4.216720
0.806845 4.217999
0.809282 4.219783
0.811720 4.222063
0.814157 4.224832
0.816595 4.228078
0.819032 4.231789
0.821469 4.235949
0.823907 4.240541
0.826344 4.245548
0.828782 4.250950
0.831219 4.256725
0.833656 4.262850
0.836094 4.269303
0.838531 4.276058
0.840969 4.283089
0.843406 4.290372
0.845843 4.297880
0.848281 4.305587
0.850718 4.313469
0.853156 4.321502
0.855593 4.329664
0.858031 4.337934
0.860468 4.346295
0.862905 4.354734
0.865343 4.363240
0.867780 4.371808
0.870218 4.380439
0.872655 4.389140
0.875093 4.397921
0.877530 4.406805
0.879967 4.415815
0.882405 4.424983
0.884842 4.434341
0.887280 4.443922
0.889717 4.453750
0.892154 4.463834
0.894592 4.474157
0.897029 4.484666
0.899467 4.495261
0.901904 4.505788
0.904342 4.516040
0.906779 4.525764
0.909216 4.534675
0.911654 4.542477
0.914091 4.548888
0.916529 4.553662
0.918966 4.556607
0.921404 4.557602


0.000000 5.063326
0.002437 5.063775
0.004875 5.065120
0.007312 5.067355
0.009750 5.070470
0.012187 5.074451
0.014625 5.079281
0.017062 5.084938
0.019499 5.091397
0.021937 5.098629
0.024374 5.106603
0.026812 5.115284
0.029249 5.124633
0.031686 5.134612
0.034124 5.145176
0.036561 5.156281
0.038999 5.167879
0.041436 5.179921
0.043874 5.192358
0.046311 5.205136
0.048748 5.218205
0.051186 5.231509
0.053623 5.244995
0.056061 5.258609
0.058498 5.272295
0.060935 5.286000
0.063373 5.299670
0.065810 5.313251
0.068248 5.326690
0.070685 5.339936
0.073123 5.352938
0.075560 5.365646
0.077997 5.378013
0.080435 5.389992
0.082872 5.431754
0.085310 5.544634
0.087747 5.653688
0.090185 5.758731
0.092622 5.859556
0.095059 5.955923
0.097497 6.047559
0.099934 6.134150
0.102372 6.215332
0.104809 6.290685
0.107246 6.359717
0.109684 6.421846
0.112121 6.476343
0.114559 6.522220
0.116996 6.558006
0.119434 6.581440
0.121871 6.589737

0.121871 6.589737
0.124309 6.585262
0.126746 6.572270
0.129183 6.551864
0.131621 6.525401
0.134058 6.494164
0.136496 6.459209
0.138933 6.421355
0.141371 6.381220
0.143808 6.339276
0.146245 6.295887
0.148683 6.251343
0.151120 6.205885
0.153558 6.159717
0.155995 6.113022
0.158432 6.065966
0.160870 6.018706
0.163307 5.971395
0.165745 5.924180
0.168182 5.877211
0.170620 5.830635
0.173057 5.784604
0.175494 5.739268
0.177932 5.694781
0.180369 5.651295
0.182807 5.608963
0.185244 5.567931
0.187682 5.528341
0.190119 5.490327
0.192556 5.454007
0.194994 5.419484
0.197431 5.386840
0.199869 5.356135
0.202306 5.327404
0.204743 5.300658
0.207181 5.275882
0.209618 5.253044
0.212056 5.232094
0.214493 5.212972
0.216930 5.195613
0.219368 5.179953
0.221805 5.165929
0.224243 5.153489
0.226680 5.142586
0.229118 5.133187
0.231555 5.125264
0.233992 5.118799
0.236430 5.113779
0.238867 5.110197
0.241305 5.108049
0.243742 5.107333

0.243742 5.107333
0.247189 5.108766
0.250636 5.113073
0.254083 5.120282
0.257530 5.130423
0.260977 5.143517
0.264424 5.159553
0.267871 5.178470
0.271318 5.200149
0.274765 5.224399
0.278212 5.250962
0.281660 5.279520
0.285107 5.309705
0.288554 5.341112
0.292001 5.373319
0.295448 5.405899
0.298895 5.438433
0.302342 5.470522
0.305789 5.501794
0.309236 5.531913
0.312683 5.560581
0.316130 5.587540
0.319577 5.612578
0.323024 5.635521
0.326471 5.533247
0.329918 5.375166
0.333365 5.226922
0.336812 5.189589
0.340259 5.204294
0.343706 5.220110
0.347153 5.233441
0.350600 5.243619
0.354047 5.250448
0.357494 5.253880
0.360941 5.253946
0.364388 5.250740
0.367835 5.244410
0.371282 5.235169
0.374729 5.223300
0.378177 5.209160
0.381624 5.193187
0.385071 5.175895
0.388518 5.157869
0.391965 5.139747
0.395412 5.122198
0.398859 5.105898
0.402306 5.091498
0.405753 5.079593
0.409200 5.070693
0.412647 5.065189
0.416094 5.063326

0.416094 5.063326
0.420316 5.065435
0.424537 5.071679
0.428759 5.081810
0.432981 5.095409
0.437203 5.111887
0.441424 5.130480
0.445646 5.150255
0.449868 5.170122
0.454089 5.188877
0.458311 5.205267
0.462533 5.218097
0.466755 5.226348
0.470977 5.229285
0.475198 5.226500
0.479420 5.217901
0.483642 5.203640
0.487863 5.184036
0.492085 5.159501
0.496307 5.175193
0.500529 5.415196
0.504750 5.650432
0.508972 5.880418
0.513194 5.867027
0.517416 5.839530
0.521637 5.803366
0.525859 5.759030
0.530081 5.707299
0.534303 5.649180
0.538524 5.585860
0.542746 5.518658
0.546968 5.448983
0.551189 5.378290
0.555411 5.308044
0.559633 5.239665
0.563855 5.173904
0.568076 5.071421
0.572298 4.970987
0.576520 4.873486
0.580742 4.779785
0.584963 4.690734
0.589185 4.607161
0.593407 4.529864
0.597629 4.459604
0.601850 4.397094
0.606072 4.342988
0.610294 4.297867
0.614516 4.262230
0.618737 4.236477
0.622959 4.220905
0.627181 4.215694

0.627181 4.215694
0.630628 4.218951
0.634075 4.228712
0.637522 4.244940
0.640969 4.267576
0.644416 4.296534
0.647863 4.331697
0.651310 4.372918
0.654757 4.420015
0.658204 4.472773
0.661651 4.530939
0.665098 4.594230
0.668545 4.662329
0.671992 4.734892
0.675439 4.811552
0.678886 4.891923
0.682333 4.975606
0.685780 5.034380
0.689227 5.068140
0.692674 5.104313
0.696121 5.142719
0.699569 5.183134
0.703016 5.225304
0.706463 5.268958
0.709910 5.313821
0.713357 5.359642
0.716804 5.406211
0.720251 5.453381
0.723698 5.501084
0.727145 5.549335
0.730592 5.598223
0.734039 5.647889
0.737486 5.698496
0.740933 5.750190
0.744380 5.803072
0.747827 5.857177
0.751274 5.912466
0.754721 5.968826
0.758168 6.026077
0.761615 6.083984
0.765062 6.142263
0.768509 6.200579
0.771956 6.258543
0.775403 6.315681
0.778850 6.371387
0.782297 6.424837
0.785744 6.474826
0.789191 6.519525
0.792638 6.556154
0.796086 6.580885
0.799532 6.589737

0.799532 4.215694
0.801970 4.216994
0.804407 4.220891
0.806845 4.227373
0.809282 4.236424
0.811720 4.248018
0.814157 4.262126
0.816595 4.278708
0.819032 4.297720
0.821469 4.319114
0.823907 4.342833
0.826344 4.368816
0.828782 4.396996
0.831219 4.427302
0.833656 4.459658
0.836094 4.493985
0.838531 4.530196
0.840969 4.568204
0.843406 4.607917
0.845843 4.649238
0.848281 4.692067
0.850718 4.736301
0.853156 4.781832
0.855593 4.828548
0.858031 4.876334
0.860468 4.925068
0.862905 4.969146
0.865343 4.978487
0.867780 4.987737
0.870218 4.996860
0.872655 5.005820
0.875093 5.014584
0.877530 5.023118
0.879967 5.031389
0.882405 5.039367
0.884842 5.047020
0.887280 5.054321
0.889717 5.061242
0.892154 5.067758
0.894592 5.073845
0.897029 5.079479
0.899467 5.084640
0.901904 5.089310
0.904342 5.093472
0.906779 5.097109
0.909216 5.100209
0.911654 5.102762
0.914091 5.104756
0.916529 5.106186
0.918966 5.107046
0.921404 5.107333


0.000000 5.606214
0.002437 5.606289
0.004875 5.606534
0.007312 5.607004
0.009750 5.607791
0.012187 5.609028
0.014625 5.610879
0.017062 5.613546
0.019499 5.617259
0.021937 5.622267
0.024374 5.628829
0.026812 5.637195
0.029249 5.647594
0.031686 5.660216
0.034124 5.675201
0.036561 5.692633
0.038999 5.712539
0.041436 5.734894
0.043874 5.759633
0.046311 5.786656
0.048748 5.815845
0.051186 5.847066
0.053623 5.880179
0.056061 5.915044
0.058498 5.951521
0.060935 5.989474
0.063373 6.028773
0.065810 6.069292
0.068248 6.110910
0.070685 6.153512
0.073123 6.196986
0.075560 6.241225
0.077997 6.286123
0.080435 6.331578
0.082872 6.377490
0.085310 6.423758
0.087747 6.470284
0.090185 6.516963
0.092622 6.563692
0.095059 6.610358
0.097497 6.656839
0.099934 6.702996
0.102372 6.738362
0.104809 6.746503
0.107246 6.752088
0.109684 6.754983
0.112121 6.755152
0.114559 6.752817
0.116996 6.748740
0.119434 6.744591
0.121871 6.742769

0.121871 6.742769
0.124309 6.743424
0.126746 6.745391
0.129183 6.748666
0.131621 6.753247
0.134058 6.759130
0.136496 6.766307
0.138933 6.774770
0.141371 6.784506
0.143808 6.795501
0.146245 6.807734
0.148683 6.821182
0.151120 6.835820
0.153558 6.851616
0.155995 6.868533
0.158432 6.864727
0.160870 6.843840
0.163307 6.821775
0.165745 6.798560
0.168182 6.774227
0.170620 6.748807
0.173057 6.722335
0.175494 6.694849
0.177932 6.666388
0.180369 6.636996
0.182807 6.606721
0.185244 6.575615
0.187682 6.543739
0.190119 6.511158
0.192556 6.477948
0.194994 6.444191
0.197431 6.409985
0.199869 6.375438
0.202306 6.340672
0.204743 6.305826
0.207181 6.271056
0.209618 6.236541
0.212056 6.202477
0.214493 6.169085
0.216930 6.135914
0.219368 6.099739
0.221805 6.065400
0.224243 6.033228
0.226680 6.003576
0.229118 5.976813
0.231555 5.953318
0.233992 5.933462
0.236430 5.917593
0.238867 5.906016
0.241305 5.898968
0.243742 5.896601

0.243742 5.896601
0.247189 5.900573
0.250636 5.905742
0.254083 5.906624
0.257530 5.904936
0.260977 5.901796
0.264424 5.897573
0.267871 5.892409
0.271318 5.886371
0.274765 5.879507
0.278212 5.871860
0.281660 5.863477
0.285107 5.854410
0.288554 5.844722
0.292001 5.834483
0.295448 5.823772
0.298895 5.812674
0.302342 5.801280
0.305789 5.789685
0.309236 5.777986
0.312683 5.766278
0.316130 5.754658
0.319577 5.743214
0.323024 5.687994
0.326471 5.656239
0.329918 5.674637
0.333365 5.690660
0.336812 5.691365
0.340259 5.682485
0.343706 5.674192
0.347153 5.666502
0.350600 5.659421
0.354047 5.652943
0.357494 5.647053
0.360941 5.641727
0.364388 5.636932
0.367835 5.632632
0.371282 5.628785
0.374729 5.625348
0.378177 5.622277
0.381624 5.619532
0.385071 5.617078
0.388518 5.614887
0.391965 5.612940
0.395412 5.611227
0.398859 5.609747
0.402306 5.608507
0.405753 5.607520
0.409200 5.606800
0.412647 5.606361
0.416094 5.606214

0.416094 5.606214
0.420316 5.607603
0.424537 5.611671
0.428759 5.618151
0.432981 5.626679
0.437203 5.636888
0.441424 5.648495
0.445646 5.661365
0.449868 5.675524
0.454089 5.691144
0.458311 5.708465
0.462533 5.727684
0.466755 5.748825
0.470977 5.771631
0.475198 5.795501
0.479420 5.819516
0.483642 5.842508
0.487863 5.863156
0.492085 5.880082
0.496307 5.891937
0.500529 5.897485
0.504750 5.895669
0.508972 5.885684
0.513194 5.867027
0.517416 5.839530
0.521637 5.803366
0.525859 5.759030
0.530081 5.707299
0.534303 5.649180
0.538524 5.585860
0.542746 5.518658
0.546968 5.448983
0.551189 5.378290
0.555411 5.308044
0.559633 5.239665
0.563855 5.174477
0.568076 5.113645
0.572298 5.058107
0.576520 5.008532
0.580742 4.965291
0.584963 4.928458
0.589185 4.897840
0.593407 4.873024
0.597629 4.853439
0.601850 4.838415
0.606072 4.827242
0.610294 4.819222
0.614516 4.813721
0.618737 4.810201
0.622959 4.808258
0.627181 4.807639

0.627181 4.807639
0.630628 4.807950
0.634075 4.808927
0.637522 4.810706
0.640969 4.813508
0.644416 4.817634
0.647863 4.823463
0.651310 4.831431
0.654757 4.842025
0.658204 4.855757
0.661651 4.870593
0.665098 4.886446
0.668545 4.904660
0.671992 4.925361
0.675439 4.948647
0.678886 4.974576
0.682333 5.003164
0.685780 5.062191
0.689227 5.151266
0.692674 5.242415
0.696121 5.309238
0.699569 5.377411
0.703016 5.448532
0.706463 5.522084
0.709910 5.597564
0.713357 5.674486
0.716804 5.752397
0.720251 5.830872
0.723698 5.909517
0.727145 5.987963
0.730592 6.065864
0.734039 6.142888
0.737486 6.218714
0.740933 6.293022
0.744380 6.365494
0.747827 6.435808
0.751274 6.503636
0.754721 6.568648
0.758168 6.630512
0.761615 6.688896
0.765062 6.743476
0.768509 6.793937
0.771956 6.834116
0.775403 6.811448
0.778850 6.792398
0.782297 6.776733
0.785744 6.764238
0.789191 6.754726
0.792638 6.748045
0.796086 6.744082
0.799532 6.742769

0.799532 4.807639
0.801970 4.807742
0.804407 4.808058
0.806845 4.808602
0.809282 4.809399
0.811720 4.810487
0.814157 4.811910
0.816595 4.813726
0.819032 4.815997
0.821469 4.818798
0.823907 4.822209
0.826344 4.826319
0.828782 4.831223
0.831219 4.837021
0.833656 4.843818
0.836094 4.851724
0.838531 4.860848
0.840969 4.871303
0.843406 4.883201
0.845843 4.896652
0.848281 4.911762
0.850718 4.922361
0.853156 4.931605
0.855593 4.940942
0.858031 4.950337
0.860468 4.959750
0.862905 4.974623
0.865343 5.024869
0.867780 5.075665
0.870218 5.126866
0.872655 5.171929
0.875093 5.209674
0.877530 5.249448
0.879967 5.291141
0.882405 5.334603
0.884842 5.379647
0.887280 5.426039
0.889717 5.473494
0.892154 5.521667
0.894592 5.570146
0.897029 5.618446
0.899467 5.665997
0.901904 5.712137
0.904342 5.756111
0.906779 5.797074
0.909216 5.832765
0.911654 5.855236
0.914091 5.873101
0.916529 5.886081
0.918966 5.893960
0.921404 5.896601


0.000000 5.606214
0.002437 5.606289
0.004875 5.606534
0.007312 5.607004
0.009750 5.607791
0.012187 5.609028
0.014625 5.610879
0.017062 5.613546
0.019499 5.617259
0.021937 5.622267
0.024374 5.628829
0.026812 5.637195
0.029249 5.647594
0.031686 5.660216
0.034124 5.675201
0.036561 5.692633
0.038999 5.712539
0.041436 5.734894
0.043874 5.759633
0.046311 5.786656
0.048748 5.815845
0.051186 5.847066
0.053623 5.880179
0.056061 5.915044
0.058498 5.951521
0.060935 5.989474
0.063373 6.028773
0.065810 6.069292
0.068248 6.110910
0.070685 6.153512
0.073123 6.196986
0.075560 6.241225
0.077997 6.286123
0.080435 6.331578
0.082872 6.377490
0.085310 6.423758
0.087747 6.470284
0.090185 6.516963
0.092622 6.563692
0.095059 6.610358
0.097497 6.656839
0.099934 6.702996
0.102372 6.748664
0.104809 6.793632
0.107246 6.837617
0.109684 6.880197
0.112121 6.920701
0.114559 6.957966
0.116996 6.989873
0.119434 7.012665
0.121871 7.021209

0.121871 7.021209
0.124309 7.020494
0.126746 7.018348
0.129183 7.014775
0.131621 7.009782
0.134058 7.003375
0.136496 6.995565
0.138933 6.986363
0.141371 6.975785
0.143808 6.963846
0.146245 6.950563
0.148683 6.935957
0.151120 6.920047
0.153558 6.902856
0.155995 6.884407
0.158432 6.886531
0.160870 6.905565
0.163307 6.925587
0.165745 6.946541
0.168182 6.918467
0.170620 6.885475
0.173057 6.851256
0.175494 6.815881
0.177932 6.779428
0.180369 6.741975
0.182807 6.703609
0.185244 6.664422
0.187682 6.624510
0.190119 6.583976
0.192556 6.542931
0.194994 6.501493
0.197431 6.459790
0.199869 6.417959
0.202306 6.376149
0.204743 6.334521
0.207181 6.293251
0.209618 6.252534
0.212056 6.212579
0.214493 6.173621
0.216930 6.136612
0.219368 6.105327
0.221805 6.075525
0.224243 6.047522
0.226680 6.021654
0.229118 5.998268
0.231555 5.977715
0.233992 5.960335
0.236430 5.946441
0.238867 5.936303
0.241305 5.930132
0.243742 5.928060

0.243742 5.928060
0.247189 5.932914
0.250636 5.953443
0.254083 5.993062
0.257530 6.047318
0.260977 6.112279
0.264424 6.185044
0.267871 6.263359
0.271318 6.345453
0.274765 6.429928
0.278212 6.515672
0.281660 6.601792
0.285107 6.687555
0.288554 6.772355
0.292001 6.836273
0.295448 6.732033
0.298895 6.621748
0.302342 6.505502
0.305789 6.383375
0.309236 6.255454
0.312683 6.121829
0.316130 5.982608
0.319577 5.837926
0.323024 5.732034
0.326471 5.721194
0.329918 5.710764
0.333365 5.700804
0.336812 5.704284
0.340259 5.715512
0.343706 5.724378
0.347153 5.730934
0.350600 5.735253
0.354047 5.737425
0.357494 5.737551
0.360941 5.735746
0.364388 5.732135
0.367835 5.726853
0.371282 5.720045
0.374729 5.711873
0.378177 5.702514
0.381624 5.692173
0.385071 5.681084
0.388518 5.669525
0.391965 5.657818
0.395412 5.646339
0.398859 5.635507
0.402306 5.625774
0.405753 5.617598
0.409200 5.611401
0.412647 5.607531
0.416094 5.606214

0.416094 5.606214
0.420316 5.607603
0.424537 5.611671
0.428759 5.618151
0.432981 5.626679
0.437203 5.636888
0.441424 5.648495
0.445646 5.661365
0.449868 5.675524
0.454089 5.691144
0.458311 5.708465
0.462533 5.727684
0.466755 5.748825
0.470977 5.771631
0.475198 5.795501
0.479420 5.819516
0.483642 5.842508
0.487863 5.863156
0.492085 5.880082
0.496307 5.891937
0.500529 5.897485
0.504750 5.895669
0.508972 5.885684
0.513194 6.102868
0.517416 6.161602
0.521637 6.102622
0.525859 6.033198
0.530081 5.955497
0.534303 5.870801
0.538524 5.780275
0.542746 5.685032
0.546968 5.586132
0.551189 5.484599
0.555411 5.381416
0.559633 5.277540
0.563855 5.174477
0.568076 5.113645
0.572298 5.058107
0.576520 5.008532
0.580742 4.965291
0.584963 4.928458
0.589185 4.897840
0.593407 4.873024
0.597629 4.853439
0.601850 4.838415
0.606072 4.827242
0.610294 4.819222
0.614516 4.813721
0.618737 4.810201
0.622959 4.808258
0.627181 4.807639

0.627181 4.807639
0.630628 4.808149
0.634075 4.809696
0.637522 4.812328
0.640969 4.816123
0.644416 4.821185
0.647863 4.827644
0.651310 4.835649
0.654757 4.845362
0.658204 4.856953
0.661651 4.873140
0.665098 4.894660
0.668545 4.920744
0.671992 4.951733
0.675439 4.987857
0.678886 5.029218
0.682333 5.075782
0.685780 5.127389
0.689227 5.183761
0.692674 5.244525
0.696121 5.335226
0.699569 5.429289
0.703016 5.524202
0.706463 5.619571
0.709910 5.715010
0.713357 5.810143
0.716804 5.904603
0.720251 5.998037
0.723698 6.090100
0.727145 6.180463
0.730592 6.268807
0.734039 6.354825
0.737486 6.438226
0.740933 6.518732
0.744380 6.596078
0.747827 6.670013
0.751274 6.740301
0.754721 6.806718
0.758168 6.869054
0.761615 6.925298
0.765062 6.891267
0.768509 6.860645
0.771956 6.839978
0.775403 6.881319
0.778850 6.917701
0.782297 6.948895
0.785744 6.974699
0.789191 6.994946
0.792638 7.009505
0.796086 7.018278
0.799532 7.021209

0.799532 4.807639
0.801970 4.807944
0.804407 4.808857
0.806845 4.810375
0.809282 4.812491
0.811720 4.815195
0.814157 4.818477
0.816595 4.822322
0.819032 4.826714
0.821469 4.831633
0.823907 4.837059
0.826344 4.842969
0.828782 4.849337
0.831219 4.856137
0.833656 4.863341
0.836094 4.870917
0.838531 4.878835
0.840969 4.887061
0.843406 4.895562
0.845843 4.904303
0.848281 4.913248
0.850718 4.928635
0.853156 4.947364
0.855593 4.968039
0.858031 4.990735
0.860468 5.015518
0.862905 5.042440
0.865343 5.071535
0.867780 5.102821
0.870218 5.136294
0.872655 5.178318
0.875093 5.229854
0.877530 5.281301
0.879967 5.332469
0.882405 5.383157
0.884842 5.433147
0.887280 5.482203
0.889717 5.530069
0.892154 5.576471
0.894592 5.621111
0.897029 5.663669
0.899467 5.703805
0.901904 5.741159
0.904342 5.775356
0.906779 5.806018
0.909216 5.834101
0.911654 5.866223
0.914091 5.892478
0.916529 5.911978
0.918966 5.923998
0.921404 5.928060


0.000000 5.606214
0.002437 5.608646
0.004875 5.615877
0.007312 5.627714
0.009750 5.643855
0.012187 5.663912
0.014625 5.687435
0.017062 5.713947
0.019499 5.742972
0.021937 5.774051
0.024374 5.806765
0.026812 5.840742
0.029249 5.875664
0.031686 5.911261
0.034124 5.947310
0.036561 5.983632
0.038999 6.020076
0.041436 6.056521
0.043874 6.092864
0.046311 6.129018
0.048748 6.164902
0.051186 6.200446
0.053623 6.235579
0.056061 6.270234
0.058498 6.304344
0.060935 6.337841
0.063373 6.370654
0.065810 6.402715
0.068248 6.433949
0.070685 6.464283
0.073123 6.493641
0.075560 6.521945
0.077997 6.549116
0.080435 6.575073
0.082872 6.599730
0.085310 6.623000
0.087747 6.644792
0.090185 6.665006
0.092622 6.683539
0.095059 6.700275
0.097497 6.715087
0.099934 6.727834
0.102372 6.748664
0.104809 6.793632
0.107246 6.837617
0.109684 6.880197
0.112121 6.920701
0.114559 6.957966
0.116996 6.989873
0.119434 7.012665
0.121871 7.021209

0.121871 7.021209
0.124309 7.024762
0.126746 7.034989
0.129183 7.050793
0.131621 7.070824
0.134058 7.093813
0.136496 7.118716
0.138933 7.144733
0.141371 7.171265
0.143808 7.167878
0.146245 7.150260
0.148683 7.130905
0.151120 7.109848
0.153558 7.087127
0.155995 7.062785
0.158432 7.036866
0.160870 7.009421
0.163307 6.980501
0.165745 6.950163
0.168182 6.968368
0.170620 6.991007
0.173057 7.014388
0.175494 7.038441
0.177932 7.063089
0.180369 7.088253
0.182807 7.113850
0.185244 7.139793
0.187682 7.165992
0.190119 7.192355
0.192556 7.218787
0.194994 7.245188
0.197431 7.271459
0.199869 7.297496
0.202306 7.323194
0.204743 7.348444
0.207181 7.373135
0.209618 7.397153
0.212056 7.420380
0.214493 7.442696
0.216930 7.463975
0.219368 7.484089
0.221805 7.502903
0.224243 7.520280
0.226680 7.536080
0.229118 7.550160
0.231555 7.562378
0.233992 7.572600
0.236430 7.580701
0.238867 7.586572
0.241305 7.590130
0.243742 7.591322

0.243742 7.591322
0.247189 7.586957
0.250636 7.573943
0.254083 7.552506
0.257530 7.522950
0.260977 7.485597
0.264424 7.440748
0.267871 7.388661
0.271318 7.329557
0.274765 7.263620
0.278212 7.191007
0.281660 7.111852
0.285107 7.026276
0.288554 6.934384
0.292001 6.855678
0.295448 6.937086
0.298895 7.016196
0.302342 7.092672
0.305789 7.166217
0.309236 7.236561
0.312683 7.303460
0.316130 7.268520
0.319577 7.202835
0.323024 7.134859
0.326471 7.064828
0.329918 6.992997
0.333365 6.919643
0.336812 6.845060
0.340259 6.769564
0.343706 6.693488
0.347153 6.617181
0.350600 6.541010
0.354047 6.465351
0.357494 6.390591
0.360941 6.317116
0.364388 6.245312
0.367835 6.175553
0.371282 6.108197
0.374729 6.043580
0.378177 5.982018
0.381624 5.923812
0.385071 5.869257
0.388518 5.818665
0.391965 5.772378
0.395412 5.730789
0.398859 5.694348
0.402306 5.663549
0.405753 5.638902
0.409200 5.620889
0.412647 5.609906
0.416094 5.606214

0.416094 5.606214
0.420316 5.611155
0.424537 5.625744
0.428759 5.649311
0.432981 5.680850
0.437203 5.719149
0.441424 5.762918
0.445646 5.810883
0.449868 5.861842
0.454089 5.914678
0.458311 5.968337
0.462533 6.021796
0.466755 6.074011
0.470977 6.123876
0.475198 6.170193
0.479420 6.211650
0.483642 6.246840
0.487863 6.274309
0.492085 6.292646
0.496307 6.300604
0.500529 6.297237
0.504750 6.282024
0.508972 6.255022
0.513194 6.218487
0.517416 6.328896
0.521637 6.540775
0.525859 6.747531
0.530081 6.947754
0.534303 7.140960
0.538524 7.326800
0.542746 7.504995
0.546968 7.675327
0.551189 7.837635
0.555411 7.991807
0.559633 8.137767
0.563855 8.275463
0.568076 8.404854
0.572298 8.525897
0.576520 8.638541
0.580742 8.742722
0.584963 8.838358
0.589185 8.925358
0.593407 9.003616
0.597629 9.073019
0.601850 9.133456
0.606072 9.184814
0.610294 9.226992
0.614516 9.259898
0.618737 9.283459
0.622959 9.297618
0.627181 9.302341

0.627181 9.302341
0.630628 9.299498
0.634075 9.290979
0.637522 9.276815
0.640969 9.257057
0.644416 9.231777
0.647863 9.201068
0.651310 9.165043
0.654757 9.123836
0.658204 9.077601
0.661651 9.026514
0.665098 8.970772
0.668545 8.910592
0.671992 8.846213
0.675439 8.777897
0.678886 8.705924
0.682333 8.630602
0.685780 8.552258
0.689227 8.471242
0.692674 8.387928
0.696121 8.302714
0.699569 8.216019
0.703016 8.128286
0.706463 8.039977
0.709910 7.951572
0.713357 7.863568
0.716804 7.776470
0.720251 7.690789
0.723698 7.607034
0.727145 7.525700
0.730592 7.447264
0.734039 7.372169
0.737486 7.300813
0.740933 7.233543
0.744380 7.170639
0.747827 7.112310
0.751274 7.058689
0.754721 7.009831
0.758168 6.965721
0.761615 6.928089
0.765062 6.980797
0.768509 7.029808
0.771956 7.074066
0.775403 7.113435
0.778850 7.147796
0.782297 7.177045
0.785744 7.130624
0.789191 7.088335
0.792638 7.053419
0.796086 7.029718
0.799532 7.021209

0.799532 9.302341
0.801970 9.301041
0.804407 9.297143
0.806845 9.290654
0.809282 9.281587
0.811720 9.269959
0.814157 9.255793
0.816595 9.239117
0.819032 9.219963
0.821469 9.198370
0.823907 9.174380
0.826344 9.148042
0.828782 9.119409
0.831219 9.088542
0.833656 9.055504
0.836094 9.020367
0.838531 8.983207
0.840969 8.944106
0.843406 8.903153
0.845843 8.860443
0.848281 8.816078
0.850718 8.770167
0.853156 8.722825
0.855593 8.674178
0.858031 8.624356
0.860468 8.573501
0.862905 8.521761
0.865343 8.469296
0.867780 8.416275
0.870218 8.362878
0.872655 8.309295
0.875093 8.255731
0.877530 8.202400
0.879967 8.149531
0.882405 8.097366
0.884842 8.046160
0.887280 7.996181
0.889717 7.947712
0.892154 7.901046
0.894592 7.856488
0.897029 7.814348
0.899467 7.774944
0.901904 7.738595
0.904342 7.705614
0.906779 7.676305
0.909216 7.650951
0.911654 7.629815
0.914091 7.613122
0.916529 7.601058
0.918966 7.593764
0.921404 7.591322


0.000000 7.555367
0.002437 7.556537
0.004875 7.560022
0.007312 7.565754
0.009750 7.573616
0.012187 7.583452
0.014625 7.595066
0.017062 7.608231
0.019499 7.622690
0.021937 7.638165
0.024374 7.654363
0.026812 7.670983
0.029249 7.687723
0.031686 7.704282
0.034124 7.720373
0.036561 7.735721
0.038999 7.750073
0.041436 7.763195
0.043874 7.774881
0.046311 7.784949
0.048748 7.793245
0.051186 7.799640
0.053623 7.804032
0.056061 7.806341
0.058498 7.806512
0.060935 7.804510
0.063373 7.800318
0.065810 7.793935
0.068248 7.785376
0.070685 7.774666
0.073123 7.761844
0.075560 7.746955
0.077997 7.730055
0.080435 7.711205
0.082872 7.690471
0.085310 7.667929
0.087747 7.643655
0.090185 7.617736
0.092622 7.590263
0.095059 7.561338
0.097497 7.531074
0.099934 7.499603
0.102372 7.467085
0.104809 7.433727
0.107246 7.399810
0.109684 7.365752
0.112121 7.332222
0.114559 7.300383
0.116996 7.272353
0.119434 7.251886
0.121871 7.244118

0.121871 7.244118
0.124309 7.243165
0.126746 7.240310
0.129183 7.235556
0.131621 7.228913
0.134058 7.220392
0.136496 7.210007
0.138933 7.197779
0.141371 7.183727
0.143808 7.197861
0.146245 7.224181
0.148683 7.249958
0.151120 7.274975
0.153558 7.299053
0.155995 7.322033
0.158432 7.343774
0.160870 7.364146
0.163307 7.383031
0.165745 7.400324
0.168182 7.415940
0.170620 7.429823
0.173057 7.441959
0.175494 7.452384
0.177932 7.461197
0.180369 7.468557
0.182807 7.474676
0.185244 7.479808
0.187682 7.484224
0.190119 7.488193
0.192556 7.491964
0.194994 7.495753
0.197431 7.499733
0.199869 7.504032
0.202306 7.508730
0.204743 7.513863
0.207181 7.519429
0.209618 7.525386
0.212056 7.531667
0.214493 7.538177
0.216930 7.544805
0.219368 7.551427
0.221805 7.557914
0.224243 7.564136
0.226680 7.569964
0.229118 7.575280
0.231555 7.579973
0.233992 7.583948
0.236430 7.587126
0.238867 7.589442
0.241305 7.590850
0.243742 7.591322

0.243742 7.591322
0.247189 7.592361
0.250636 7.595470
0.254083 7.600631
0.257530 7.607810
0.260977 7.616962
0.264424 7.628030
0.267871 7.640946
0.271318 7.655630
0.274765 7.671992
0.278212 7.689928
0.281660 7.709326
0.285107 7.727021
0.288554 7.689432
0.292001 7.648293
0.295448 7.603664
0.298895 7.555625
0.302342 7.504278
0.305789 7.449743
0.309236 7.392162
0.312683 7.331694
0.316130 7.366694
0.319577 7.426058
0.323024 7.481364
0.326471 7.532440
0.329918 7.579129
0.333365 7.621286
0.336812 7.658783
0.340259 7.691511
0.343706 7.719377
0.347153 7.742315
0.350600 7.760289
0.354047 7.773297
0.357494 7.781382
0.360941 7.784641
0.364388 7.783233
0.367835 7.777393
0.371282 7.767440
0.374729 7.753787
0.378177 7.736942
0.381624 7.717518
0.385071 7.696220
0.388518 7.673834
0.391965 7.651210
0.395412 7.629233
0.398859 7.608784
0.402306 7.590708
0.405753 7.575767
0.409200 7.564603
0.412647 7.557702
0.416094 7.555367

0.416094 7.555367
0.420316 7.560162
0.424537 7.574225
0.428759 7.596629
0.432981 7.625940
0.437203 7.660368
0.441424 7.697962
0.445646 7.736806
0.449868 7.775204
0.454089 7.811813
0.458311 7.845737
0.462533 7.876563
0.466755 7.904357
0.470977 7.929640
0.475198 7.953339
0.479420 7.976733
0.483642 8.001370
0.487863 8.028973
0.492085 8.060898
0.496307 8.069411
0.500529 8.079678
0.504750 8.092893
0.508972 8.110077
0.513194 8.132017
0.517416 8.159227
0.521637 8.191937
0.525859 8.230107
0.530081 8.273465
0.534303 8.321558
0.538524 8.373803
0.542746 8.429537
0.546968 8.488049
0.551189 8.548615
0.555411 8.610512
0.559633 8.673035
0.563855 8.735499
0.568076 8.797249
0.572298 8.857660
0.576520 8.916140
0.580742 8.972128
0.584963 9.025101
0.589185 9.074572
0.593407 9.120092
0.597629 9.161254
0.601850 9.197690
0.606072 9.229078
0.610294 9.255144
0.614516 9.275657
0.618737 9.290438
0.622959 9.299359
0.627181 9.302341

0.627181 9.302341
0.630628 9.299741
0.634075 9.291953
0.637522 9.279012
0.640969 9.260978
0.644416 9.237933
0.647863 9.209983
0.651310 9.177254
0.654757 9.139896
0.658204 9.098080
0.661651 9.051997
0.665098 9.001859
0.668545 8.947899
0.671992 8.890368
0.675439 8.829540
0.678886 8.765711
0.682333 8.699201
0.685780 8.630356
0.689227 8.559555
0.692674 8.487211
0.696121 8.413779
0.699569 8.339765
0.703016 8.265729
0.706463 8.192293
0.709910 8.120145
0.713357 8.050031
0.716804 7.982743
0.720251 7.919092
0.723698 7.859855
0.727145 7.805717
0.730592 7.757182
0.734039 7.714482
0.737486 7.677474
0.740933 7.645553
0.744380 7.617573
0.747827 7.591814
0.751274 7.566065
0.754721 7.537925
0.758168 7.505398
0.761615 7.467524
0.765062 7.424581
0.768509 7.377689
0.771956 7.328245
0.775403 7.277585
0.778850 7.226923
0.782297 7.177464
0.785744 7.201096
0.789191 7.219876
0.792638 7.233330
0.796086 7.241419
0.799532 7.244118

0.799532 9.302341
0.801970 9.301041
0.804407 9.297143
0.806845 9.290654
0.809282 9.281587
0.811720 9.269959
0.814157 9.255793
0.816595 9.239117
0.819032 9.219963
0.821469 9.198370
0.823907 9.174380
0.826344 9.148042
0.828782 9.119409
0.831219 9.088542
0.833656 9.055504
0.836094 9.020367
0.838531 8.983207
0.840969 8.944106
0.843406 8.903153
0.845843 8.860443
0.848281 8.816078
0.850718 8.770167
0.853156 8.722825
0.855593 8.674178
0.858031 8.624356
0.860468 8.573501
0.862905 8.521761
0.865343 8.469296
0.867780 8.416275
0.870218 8.362878
0.872655 8.309295
0.875093 8.255731
0.877530 8.202400
0.879967 8.149531
0.882405 8.097366
0.884842 8.046160
0.887280 7.996181
0.889717 7.947712
0.892154 7.901046
0.894592 7.856488
0.897029 7.814348
0.899467 7.774944
0.901904 7.738595
0.904342 7.705614
0.906779 7.676305
0.909216 7.650951
0.911654 7.629815
0.914091 7.613122
0.916529 7.601058
0.918966 7.593764
0.921404 7.591322


0.000000 7.555367
0.002437 7.556537
0.004875 7.560022
0.007312 7.565754
0.009750 7.573616
0.012187 7.583452
0.014625 7.595066
0.017062 7.608231
0.019499 7.622690
0.021937 7.638165
0.024374 7.654363
0.026812 7.670983
0.029249 7.687723
0.031686 7.704282
0.034124 7.720373
0.036561 7.735721
0.038999 7.750073
0.041436 7.763195
0.043874 7.774881
0.046311 7.784949
0.048748 7.793245
0.051186 7.799640
0.053623 7.804032
0.056061 7.806341
0.058498 7.806512
0.060935 7.804510
0.063373 7.800318
0.065810 7.793935
0.068248 7.785376
0.070685 7.774666
0.073123 7.761844
0.075560 7.746955
0.077997 7.730055
0.080435 7.711205
0.082872 7.690471
0.085310 7.667929
0.087747 7.643655
0.090185 7.617736
0.092622 7.590263
0.095059 7.561338
0.097497 7.531074
0.099934 7.499603
0.102372 7.467085
0.104809 7.433727
0.107246 7.399810
0.109684 7.365752
0.112121 7.332222
0.114559 7.300383
0.116996 7.272353
0.119434 7.251886
0.121871 7.244118

0.121871 7.244118
0.124309 7.245354
0.126746 7.249045
0.129183 7.255136
0.131621 7.263535
0.134058 7.274124
0.136496 7.286759
0.138933 7.301275
0.141371 7.317495
0.143808 7.335234
0.146245 7.354302
0.148683 7.374510
0.151120 7.395674
0.153558 7.417613
0.155995 7.440157
0.158432 7.463141
0.160870 7.486413
0.163307 7.509827
0.165745 7.533250
0.168182 7.556557
0.170620 7.579632
0.173057 7.602369
0.175494 7.624668
0.177932 7.646440
0.180369 7.667603
0.182807 7.688082
0.185244 7.707808
0.187682 7.726722
0.190119 7.744768
0.192556 7.761901
0.194994 7.778078
0.197431 7.793265
0.199869 7.807436
0.202306 7.820569
0.204743 7.832651
0.207181 7.843676
0.209618 7.853646
0.212056 7.862571
0.214493 7.870470
0.216930 7.877371
0.219368 7.883314
0.221805 7.888346
0.224243 7.892528
0.226680 7.895928
0.229118 7.898624
0.231555 7.900700
0.233992 7.902242
0.236430 7.903335
0.238867 7.904054
0.241305 7.904459
0.243742 7.904590

0.243742 7.904590
0.247189 7.904315
0.250636 7.903295
0.254083 7.900928
0.257530 7.896247
0.260977 7.888255
0.264424 7.876428
0.267871 7.860732
0.271318 7.841282
0.274765 7.818161
0.278212 7.791402
0.281660 7.761018
0.285107 7.730058
0.288554 7.751986
0.292001 7.774956
0.295448 7.798799
0.298895 7.823331
0.302342 7.848349
0.305789 7.873635
0.309236 7.898951
0.312683 7.924041
0.316130 7.948633
0.319577 7.972435
0.323024 7.995141
0.326471 8.016425
0.329918 8.035951
0.333365 8.053367
0.336812 8.068312
0.340259 8.075969
0.343706 8.074797
0.347153 8.070982
0.350600 8.064243
0.354047 8.054307
0.357494 8.040929
0.360941 8.023902
0.364388 8.003080
0.367835 7.978402
0.371282 7.949920
0.374729 7.917832
0.378177 7.882509
0.381624 7.844521
0.385071 7.804648
0.388518 7.763881
0.391965 7.723393
0.395412 7.684492
0.398859 7.648549
0.402306 7.616921
0.405753 7.590857
0.409200 7.571422
0.412647 7.559424
0.416094 7.555367

0.416094 7.555367
0.420316 7.561417
0.424537 7.579149
0.428759 7.607360
0.432981 7.644183
0.437203 7.687289
0.441424 7.734127
0.445646 7.782174
0.449868 7.829151
0.454089 7.873189
0.458311 7.912912
0.462533 7.947466
0.466755 7.976490
0.470977 8.000059
0.475198 8.018620
0.479420 8.032921
0.483642 8.043945
0.487863 8.052848
0.492085 8.060898
0.496307 8.069411
0.500529 8.079678
0.504750 8.092893
0.508972 8.110077
0.513194 8.132017
0.517416 8.159227
0.521637 8.191937
0.525859 8.230107
0.530081 8.273465
0.534303 8.321558
0.538524 8.373803
0.542746 8.429537
0.546968 8.488049
0.551189 8.548615
0.555411 8.610512
0.559633 8.673035
0.563855 8.735499
0.568076 8.797249
0.572298 8.857660
0.576520 8.916140
0.580742 8.972128
0.584963 9.025101
0.589185 9.074572
0.593407 9.120092
0.597629 9.161254
0.601850 9.197690
0.606072 9.229078
0.610294 9.255144
0.614516 9.275657
0.618737 9.290438
0.622959 9.299359
0.627181 9.302341

0.627181 9.302341
0.630628 9.300658
0.634075 9.295613
0.637522 9.287223
0.640969 9.275514
0.644416 9.260525
0.647863 9.242303
0.651310 9.220907
0.654757 9.196404
0.658204 9.168872
0.661651 9.138397
0.665098 9.105074
0.668545 9.069006
0.671992 9.030302
0.675439 8.989081
0.678886 8.945466
0.682333 8.899588
0.685780 8.851580
0.689227 8.801582
0.692674 8.749739
0.696121 8.696198
0.699569 8.641110
0.703016 8.584629
0.706463 8.526911
0.709910 8.468115
0.713357 8.408402
0.716804 8.347936
0.720251 8.286882
0.723698 8.225409
0.727145 8.163690
0.730592 8.101901
0.734039 8.040223
0.737486 7.978847
0.740933 7.917969
0.744380 7.857798
0.747827 7.798556
0.751274 7.740481
0.754721 7.683833
0.758168 7.628895
0.761615 7.575976
0.765062 7.525419
0.768509 7.477599
0.771956 7.432927
0.775403 7.391848
0.778850 7.354836
0.782297 7.322380
0.785744 7.294972
0.789191 7.273076
0.792638 7.257105
0.796086 7.247382
0.799532 7.244118

0.799532 9.302341
0.801970 9.301378
0.804407 9.298489
0.806845 9.293680
0.809282 9.286956
0.811720 9.278328
0.814157 9.267808
0.816595 9.255412
0.819032 9.241159
0.821469 9.225069
0.823907 9.207167
0.826344 9.187479
0.828782 9.166038
0.831219 9.142875
0.833656 9.118027
0.836094 9.091536
0.838531 9.063443
0.840969 9.033798
0.843406 9.002649
0.845843 8.970053
0.848281 8.936069
0.850718 8.900760
0.853156 8.864194
0.855593 8.826447
0.858031 8.787596
0.860468 8.747728
0.862905 8.706936
0.865343 8.665318
0.867780 8.622984
0.870218 8.580050
0.872655 8.536644
0.875093 8.492905
0.877530 8.448985
0.879967 8.405050
0.882405 8.361281
0.884842 8.317877
0.887280 8.275056
0.889717 8.233059
0.892154 8.192145
0.894592 8.152598
0.897029 8.114728
0.899467 8.078864
0.901904 8.045356
0.904342 8.014571
0.906779 7.986880
0.909216 7.962657
0.911654 7.942258
0.914091 7.926007
0.916529 7.914184
0.918966 7.907000
0.921404 7.904590


0.000000 7.555367
0.002437 7.558681
0.004875 7.568554
0.007312 7.584773
0.009750 7.606989
0.012187 7.634722
0.014625 7.667373
0.017062 7.704238
0.019499 7.744533
0.021937 7.787419
0.024374 7.832033
0.026812 7.877523
0.029249 7.923071
0.031686 7.967927
0.034124 8.011420
0.036561 8.052976
0.038999 8.092122
0.041436 8.128481
0.043874 8.161771
0.046311 8.191793
0.048748 8.218419
0.051186 8.241582
0.053623 8.261264
0.056061 8.277482
0.058498 8.290285
0.060935 8.299742
0.063373 8.305937
0.065810 8.308968
0.068248 8.308937
0.070685 8.305956
0.073123 8.300142
0.075560 8.291618
0.077997 8.280515
0.080435 8.266971
0.082872 8.251140
0.085310 8.233189
0.087747 8.213309
0.090185 8.191713
0.092622 8.168649
0.095059 8.144408
0.097497 8.119327
0.099934 8.093802
0.102372 8.068297
0.104809 8.043348
0.107246 8.019566
0.109684 7.997631
0.112121 7.978269
0.114559 7.962216
0.116996 7.950161
0.119434 7.942673
0.121871 7.940133

0.121871 7.940133
0.124309 7.939582
0.126746 7.937936
0.129183 7.935214
0.131621 7.931448
0.134058 7.926682
0.136496 7.920976
0.138933 7.914401
0.141371 7.907044
0.143808 7.899005
0.146245 7.890399
0.148683 7.881357
0.151120 7.872026
0.153558 7.862569
0.155995 7.853163
0.158432 7.844001
0.160870 7.835289
0.163307 7.827237
0.165745 7.820061
0.168182 7.813964
0.170620 7.809133
0.173057 7.805714
0.175494 7.803806
0.177932 7.803445
0.180369 7.804601
0.182807 7.807182
0.185244 7.811043
0.187682 7.816009
0.190119 7.821887
0.192556 7.828484
0.194994 7.835617
0.197431 7.843121
0.199869 7.850852
0.202306 7.858684
0.204743 7.866512
0.207181 7.874245
0.209618 7.881806
0.212056 7.889131
0.214493 7.896161
0.216930 7.902846
0.219368 7.909137
0.221805 7.914991
0.224243 7.920367
0.226680 7.925224
0.229118 7.929524
0.231555 7.933233
0.233992 7.936317
0.236430 7.938747
0.238867 7.940501
0.241305 7.941561
0.243742 7.941916

0.243742 7.941916
0.247189 7.941217
0.250636 7.939264
0.254083 7.936518
0.257530 7.933778
0.260977 7.931891
0.264424 7.931277
0.267871 7.931918
0.271318 7.933682
0.274765 7.936492
0.278212 7.940327
0.281660 7.945185
0.285107 7.951053
0.288554 7.957896
0.292001 7.965646
0.295448 7.974207
0.298895 7.983451
0.302342 7.993226
0.305789 8.003358
0.309236 8.013656
0.312683 8.023912
0.316130 8.033907
0.319577 8.043409
0.323024 8.052177
0.326471 8.059963
0.329918 8.066506
0.333365 8.071539
0.336812 8.074787
0.340259 8.080413
0.343706 8.089297
0.347153 8.094587
0.350600 8.095915
0.354047 8.092928
0.357494 8.085304
0.360941 8.072767
0.364388 8.055113
0.367835 8.032238
0.371282 8.004172
0.374729 7.971116
0.378177 7.933487
0.381624 7.891944
0.385071 7.847415
0.388518 7.801099
0.391965 7.754440
0.395412 7.709073
0.398859 7.666742
0.402306 7.629190
0.405753 7.598047
0.409200 7.574712
0.412647 7.560261
0.416094 7.555367

0.416094 7.555367
0.420316 7.561417
0.424537 7.579149
0.428759 7.607360
0.432981 7.644183
0.437203 7.687289
0.441424 7.734127
0.445646 7.782174
0.449868 7.829151
0.454089 7.873189
0.458311 7.912912
0.462533 7.947466
0.466755 7.976490
0.470977 8.000059
0.475198 8.018620
0.479420 8.032921
0.483642 8.043945
0.487863 8.052848
0.492085 8.061308
0.496307 8.100036
0.500529 8.146558
0.504750 8.201898
0.508972 8.266637
0.513194 8.340920
0.517416 8.424512
0.521637 8.516885
0.525859 8.617302
0.530081 8.724888
0.534303 8.838674
0.538524 8.957627
0.542746 9.080672
0.546968 9.206703
0.551189 9.334596
0.555411 9.463221
0.559633 9.591460
0.563855 9.718217
0.568076 9.842428
0.572298 9.963071
0.576520 10.079167
0.580742 10.189785
0.584963 10.294045
0.589185 10.391117
0.593407 10.480227
0.597629 10.560659
0.601850 10.631762
0.606072 10.692956
0.610294 10.743736
0.614516 10.783681
0.618737 10.812455
0.622959 10.829818
0.627181 10.835622

0.627181 10.835622
0.630628 10.831751
0.634075 10.820159
0.637522 10.800903
0.640969 10.774078
0.644416 10.739817
0.647863 10.698289
0.651310 10.649698
0.654757 10.594282
0.658204 10.532314
0.661651 10.464094
0.665098 10.389953
0.668545 10.310251
0.671992 10.225372
0.675439 10.135724
0.678886 10.041739
0.682333 9.943871
0.685780 9.842594
0.689227 9.738403
0.692674 9.631814
0.696121 9.523363
0.699569 9.413605
0.703016 9.303114
0.706463 9.192476
0.709910 9.082287
0.713357 8.973146
0.716804 8.865648
0.720251 8.760374
0.723698 8.657889
0.727145 8.558741
0.730592 8.463471
0.734039 8.372638
0.737486 8.286856
0.740933 8.206856
0.744380 8.133564
0.747827 8.068159
0.751274 8.012060
0.754721 7.966687
0.758168 7.932955
0.761615 7.910699
0.765062 7.898552
0.768509 7.894384
0.771956 7.895921
0.775403 7.901131
0.778850 7.908360
0.782297 7.916314
0.785744 7.924002
0.789191 7.930682
0.792638 7.935815
0.796086 7.939036
0.799532 7.940133

0.799532 10.835622
0.801970 10.833686
0.804407 10.827881
0.806845 10.818216
0.809282 10.804705
0.811720 10.787368
0.814157 10.766229
0.816595 10.741320
0.819032 10.712677
0.821469 10.680343
0.823907 10.644367
0.826344 10.604801
0.828782 10.561708
0.831219 10.515151
0.833656 10.465205
0.836094 10.411946
0.838531 10.355462
0.840969 10.295842
0.843406 10.233186
0.845843 10.167599
0.848281 10.099195
0.850718 10.028094
0.853156 9.954427
0.855593 9.878332
0.858031 9.799956
0.860468 9.719458
0.862905 9.637008
0.865343 9.552788
0.867780 9.466993
0.870218 9.379834
0.872655 9.291539
0.875093 9.202354
0.877530 9.112548
0.879967 9.022415
0.882405 8.932276
0.884842 8.842486
0.887280 8.753435
0.889717 8.665562
0.892154 8.579352
0.894592 8.495350
0.897029 8.414170
0.899467 8.336497
0.901904 8.263100
0.904342 8.194834
0.906779 8.132634
0.909216 8.077499
0.911654 8.030468
0.914091 7.992558
0.916529 7.964702
0.918966 7.947656
0.921404 7.941916


0.000000 12.337054
0.002437 12.339495
0.004875 12.346815
0.007312 12.359010
0.009750 12.376068
0.012187 12.397974
0.014625 12.424705
0.017062 12.456224
0.019499 12.492486
0.021937 12.533429
0.024374 12.578971
0.026812 12.629010
0.029249 12.683424
0.031686 12.742061
0.034124 12.804746
0.036561 12.871275
0.038999 12.941418
0.041436 13.014917
0.043874 13.091489
0.046311 13.170826
0.048748 13.252598
0.051186 13.336459
0.053623 13.422045
0.056061 13.508980
0.058498 13.596879
0.060935 13.685350
0.063373 13.774000
0.065810 13.862436
0.068248 13.950268
0.070685 14.037113
0.073123 14.122594
0.075560 14.206345
0.077997 14.288014
0.080435 14.367261
0.082872 14.443759
0.085310 14.517201
0.087747 14.587292
0.090185 14.653758
0.092622 14.716341
0.095059 14.774801
0.097497 14.828919
0.099934 14.878492
0.102372 14.923338
0.104809 14.963293
0.107246 14.998212
0.109684 15.027971
0.112121 15.052464
0.114559 15.071604
0.116996 15.085323
0.119434 15.093574
0.121871 15.096327

0.121871 15.096327
0.124309 15.094880
0.126746 15.090544
0.129183 15.083335
0.131621 15.073283
0.134058 15.060427
0.136496 15.044816
0.138933 15.026513
0.141371 15.005590
0.143808 14.982129
0.146245 14.956223
0.148683 14.927976
0.151120 14.897499
0.153558 14.864916
0.155995 14.830356
0.158432 14.793958
0.160870 14.755871
0.163307 14.716248
0.165745 14.675250
0.168182 14.633045
0.170620 14.589805
0.173057 14.545706
0.175494 14.500930
0.177932 14.455659
0.180369 14.410080
0.182807 14.364379
0.185244 14.318743
0.187682 14.273358
0.190119 14.228407
0.192556 14.184073
0.194994 14.140533
0.197431 14.097961
0.199869 14.056524
0.202306 14.016386
0.204743 13.977699
0.207181 13.940614
0.209618 13.905269
0.212056 13.871795
0.214493 13.840316
0.216930 13.810944
0.219368 13.783783
0.221805 13.758929
0.224243 13.736466
0.226680 13.716470
0.229118 13.699008
0.231555 13.684137
0.233992 13.671904
0.236430 13.662350
0.238867 13.655504
0.241305 13.651388
0.243742 13.650014

0.243742 13.650014
0.247189 13.652757
0.250636 13.660925
0.254083 13.674340
0.257530 13.692706
0.260977 13.715618
0.264424 13.742567
0.267871 13.772949
0.271318 13.806075
0.274765 13.841184
0.278212 13.877457
0.281660 13.914031
0.285107 13.950013
0.288554 13.984498
0.292001 14.016583
0.295448 14.045383
0.298895 14.070047
0.302342 14.089772
0.305789 14.103817
0.309236 14.111516
0.312683 14.112288
0.316130 14.105650
0.319577 14.091223
0.323024 14.068744
0.326471 14.038067
0.329918 13.999174
0.333365 13.952175
0.336812 13.897310
0.340259 13.834951
0.343706 13.765600
0.347153 13.689884
0.350600 13.608549
0.354047 13.522452
0.357494 13.432548
0.360941 13.339877
0.364388 13.245545
0.367835 13.150703
0.371282 13.056527
0.374729 12.964188
0.378177 12.874835
0.381624 12.789566
0.385071 12.709406
0.388518 12.635292
0.391965 12.568060
0.395412 12.508432
0.398859 12.457020
0.402306 12.414320
0.405753 12.380726
0.409200 12.356529
0.412647 12.341933
0.416094 12.337054

0.416094 12.337054
0.420316 12.347959
0.424537 12.380543
0.428759 12.434404
0.432981 12.508820
0.437203 12.602689
0.441424 12.714479
0.445646 12.842197
0.449868 12.983414
0.454089 13.135327
0.458311 13.294874
0.462533 13.458885
0.466755 13.624230
0.470977 13.787978
0.475198 13.947524
0.479420 14.100693
0.483642 14.245812
0.487863 14.381754
0.492085 14.507954
0.496307 14.624403
0.500529 14.731620
0.504750 14.830607
0.508972 14.922789
0.513194 15.009940
0.517416 15.094095
0.521637 15.177452
0.525859 15.262267
0.530081 15.350748
0.534303 15.444938
0.538524 15.546616
0.542746 15.657204
0.546968 15.777684
0.551189 15.908547
0.555411 16.049755
0.559633 16.200736
0.563855 16.360399
0.568076 16.527176
0.572298 16.699077
0.576520 16.873768
0.580742 17.048649
0.584963 17.220944
0.589185 17.387788
0.593407 17.546317
0.597629 17.693744
0.601850 17.827436
0.606072 17.944978
0.610294 18.044232
0.614516 18.123384
0.618737 18.180983
0.622959 18.215972
0.627181 18.227706

0.627181 18.227706
0.630628 18.219846
0.634075 18.196334
0.637522 18.157374
0.640969 18.103306
0.644416 18.034604
0.647863 17.951871
0.651310 17.855841
0.654757 17.747370
0.658204 17.627434
0.661651 17.497123
0.665098 17.357632
0.668545 17.210257
0.671992 17.056378
0.675439 16.897456
0.678886 16.735010
0.682333 16.570612
0.685780 16.405863
0.689227 16.242372
0.692674 16.081740
0.696121 15.925533
0.699569 15.775255
0.703016 15.632321
0.706463 15.498034
0.709910 15.373553
0.713357 15.259868
0.716804 15.157780
0.720251 15.067876
0.723698 14.990523
0.727145 14.925856
0.730592 14.873776
0.734039 14.833960
0.737486 14.805871
0.740933 14.788780
0.744380 14.781787
0.747827 14.783852
0.751274 14.793823
0.754721 14.810468
0.758168 14.832507
0.761615 14.858639
0.765062 14.887574
0.768509 14.918055
0.771956 14.948881
0.775403 14.978929
0.778850 15.007173
0.782297 15.032693
0.785744 15.054694
0.789191 15.072509
0.792638 15.085614
0.796086 15.093630
0.799532 15.096327

0.799532 18.227706
0.801970 18.223735
0.804407 18.211831
0.806845 18.192027
0.809282 18.164375
0.811720 18.128951
0.814157 18.085849
0.816595 18.035189
0.819032 17.977108
0.821469 17.911767
0.823907 17.839348
0.826344 17.760054
0.828782 17.674112
0.831219 17.581770
0.833656 17.483295
0.836094 17.378981
0.838531 17.269141
0.840969 17.154110
0.843406 17.034246
0.845843 16.909929
0.848281 16.781561
0.850718 16.649564
0.853156 16.514384
0.855593 16.376485
0.858031 16.236354
0.860468 16.094496
0.862905 15.951435
0.865343 15.807715
0.867780 15.663893
0.870218 15.520544
0.872655 15.378255
0.875093 15.237624
0.877530 15.099260
0.879967 14.963776
0.882405 14.831790
0.884842 14.703917
0.887280 14.580773
0.889717 14.462962
0.892154 14.351079
0.894592 14.245700
0.897029 14.147382
0.899467 14.056655
0.901904 13.974017
0.904342 13.899932
0.906779 13.834821
0.909216 13.779061
0.911654 13.732978
0.914091 13.696846
0.916529 13.670881
0.918966 13.655239
0.921404 13.650014


0.000000 12.337054
0.002437 12.339495
0.004875 12.346815
0.007312 12.359010
0.009750 12.376068
0.012187 12.397974
0.014625 12.424705
0.017062 12.456224
0.019499 12.492486
0.021937 12.533429
0.024374 12.578971
0.026812 12.629010
0.029249 12.683424
0.031686 12.742061
0.034124 12.804746
0.036561 12.871275
0.038999 12.941418
0.041436 13.014917
0.043874 13.091489
0.046311 13.170826
0.048748 13.252598
0.051186 13.336459
0.053623 13.422045
0.056061 13.508980
0.058498 13.596879
0.060935 13.685350
0.063373 13.774000
0.065810 13.862436
0.068248 13.950268
0.070685 14.037113
0.073123 14.122594
0.075560 14.206345
0.077997 14.288014
0.080435 14.367261
0.082872 14.443759
0.085310 14.517201
0.087747 14.587292
0.090185 14.653758
0.092622 14.716341
0.095059 14.774801
0.097497 14.828919
0.099934 14.878492
0.102372 14.923338
0.104809 14.963293
0.107246 14.998212
0.109684 15.027971
0.112121 15.052464
0.114559 15.071604
0.116996 15.085323
0.119434 15.093574
0.121871 15.096327

0.121871 15.096327
0.124309 15.095141
0.126746 15.091585
0.129183 15.085670
0.131621 15.077413
0.134058 15.066839
0.136496 15.053980
0.138933 15.038873
0.141371 15.021563
0.143808 15.002103
0.146245 14.980552
0.148683 14.956974
0.151120 14.931442
0.153558 14.904034
0.155995 14.874837
0.158432 14.843940
0.160870 14.811442
0.163307 14.777448
0.165745 14.742066
0.168182 14.705414
0.170620 14.667614
0.173057 14.628793
0.175494 14.589084
0.177932 14.548626
0.180369 14.507563
0.182807 14.466042
0.185244 14.424219
0.187682 14.382249
0.190119 14.340295
0.192556 14.298521
0.194994 14.257097
0.197431 14.216193
0.199869 14.175982
0.202306 14.136638
0.204743 14.098337
0.207181 14.061253
0.209618 14.025560
0.212056 13.991430
0.214493 13.959030
0.216930 13.928525
0.219368 13.900072
0.221805 13.873822
0.224243 13.849917
0.226680 13.828489
0.229118 13.809659
0.231555 13.793535
0.233992 13.780209
0.236430 13.769762
0.238867 13.762254
0.241305 13.757731
0.243742 13.756220

0.243742 13.756220
0.247189 13.763653
0.250636 13.785783
0.254083 13.822120
0.257530 13.871857
0.260977 13.933904
0.264424 14.006915
0.267871 14.089325
0.271318 14.179395
0.274765 14.275252
0.278212 14.374931
0.281660 14.476417
0.285107 14.577686
0.288554 14.676734
0.292001 14.771614
0.295448 14.860462
0.298895 14.941520
0.302342 15.013158
0.305789 15.073893
0.309236 15.122402
0.312683 15.157539
0.316130 15.178340
0.319577 15.184039
0.323024 15.174075
0.326471 15.148095
0.329918 15.105968
0.333365 15.047785
0.336812 14.973864
0.340259 14.884760
0.343706 14.781259
0.347153 14.664384
0.350600 14.535392
0.354047 14.395768
0.357494 14.247214
0.360941 14.091636
0.364388 13.931115
0.367835 13.767876
0.371282 13.604246
0.374729 13.442597
0.378177 13.285289
0.381624 13.134599
0.385071 12.992653
0.388518 12.861368
0.391965 12.742405
0.395412 12.637140
0.398859 12.546658
0.402306 12.471773
0.405753 12.413061
0.409200 12.370901
0.412647 12.345525
0.416094 12.337054

0.416094 12.337054
0.420316 12.347959
0.424537 12.380543
0.428759 12.434404
0.432981 12.508820
0.437203 12.602689
0.441424 12.714479
0.445646 12.842197
0.449868 12.983414
0.454089 13.135327
0.458311 13.294874
0.462533 13.458885
0.466755 13.624230
0.470977 13.787978
0.475198 13.947524
0.479420 14.100693
0.483642 14.245812
0.487863 14.381754
0.492085 14.507954
0.496307 14.624403
0.500529 14.731620
0.504750 14.830607
0.508972 14.922789
0.513194 15.009940
0.517416 15.094095
0.521637 15.177452
0.525859 15.262267
0.530081 15.350748
0.534303 15.444938
0.538524 15.546616
0.542746 15.657204
0.546968 15.777684
0.551189 15.908547
0.555411 16.049755
0.559633 16.200736
0.563855 16.360399
0.568076 16.527176
0.572298 16.699077
0.576520 16.873768
0.580742 17.048649
0.584963 17.220944
0.589185 17.387788
0.593407 17.546317
0.597629 17.693744
0.601850 17.827436
0.606072 17.944978
0.610294 18.044232
0.614516 18.123384
0.618737 18.180983
0.622959 18.215972
0.627181 18.227706

0.627181 18.227706
0.630628 18.219859
0.634075 18.196387
0.637522 18.157494
0.640969 18.103523
0.644416 18.034949
0.647863 17.952381
0.651310 17.856557
0.654757 17.748337
0.658204 17.628706
0.661651 17.498762
0.665098 17.359708
0.668545 17.212848
0.671992 17.059576
0.675439 16.901361
0.678886 16.739735
0.682333 16.576278
0.685780 16.412595
0.689227 16.250302
0.692674 16.090995
0.696121 15.936232
0.699569 15.787499
0.703016 15.646187
0.706463 15.513560
0.709910 15.390734
0.713357 15.278645
0.716804 15.178036
0.720251 15.089437
0.723698 15.013155
0.727145 14.949274
0.730592 14.897656
0.734039 14.857950
0.737486 14.829609
0.740933 14.811907
0.744380 14.803967
0.747827 14.804781
0.751274 14.813243
0.754721 14.828176
0.758168 14.848355
0.761615 14.872540
0.765062 14.899498
0.768509 14.928027
0.771956 14.956978
0.775403 14.985274
0.778850 15.011925
0.782297 15.036045
0.785744 15.056866
0.789191 15.073742
0.792638 15.086166
0.796086 15.093768
0.799532 15.096327

0.799532 18.227706
0.801970 18.223820
0.804407 18.212173
0.806845 18.192795
0.809282 18.165739
0.811720 18.131079
0.814157 18.088908
0.816595 18.039343
0.819032 17.982520
0.821469 17.918597
0.823907 17.847752
0.826344 17.770187
0.828782 17.686122
0.831219 17.595802
0.833656 17.499491
0.836094 17.397475
0.838531 17.290063
0.840969 17.177583
0.843406 17.060387
0.845843 16.938847
0.848281 16.813358
0.850718 16.684333
0.853156 16.552208
0.855593 16.417440
0.858031 16.280504
0.860468 16.141895
0.862905 16.002126
0.865343 15.861727
0.867780 15.721245
0.870218 15.581241
0.872655 15.442288
0.875093 15.304972
0.877530 15.169886
0.879967 15.037628
0.882405 14.908800
0.884842 14.784005
0.887280 14.663840
0.889717 14.548895
0.892154 14.439748
0.894592 14.336960
0.897029 14.241073
0.899467 14.152600
0.901904 14.072026
0.904342 13.999800
0.906779 13.936330
0.909216 13.881981
0.911654 13.837068
0.914091 13.801856
0.916529 13.776554
0.918966 13.761311
0.921404 13.756220


0.000000 12.337054
0.002437 12.343245
0.004875 12.361830
0.007312 12.392845
0.009750 12.436337
0.012187 12.492359
0.014625 12.560952
0.017062 12.642121
0.019499 12.735824
0.021937 12.841944
0.024374 12.960276
0.026812 13.090510
0.029249 13.232221
0.031686 13.384867
0.034124 13.547789
0.036561 13.720223
0.038999 13.901306
0.041436 14.090101
0.043874 14.285608
0.046311 14.486787
0.048748 14.692573
0.051186 14.901895
0.053623 15.113692
0.056061 15.326918
0.058498 15.540560
0.060935 15.753636
0.063373 15.965211
0.065810 16.174389
0.068248 16.380324
0.070685 16.582216
0.073123 16.779311
0.075560 16.970905
0.077997 17.156337
0.080435 17.334993
0.082872 17.506298
0.085310 17.669724
0.087747 17.824780
0.090185 17.971013
0.092622 18.108010
0.095059 18.235390
0.097497 18.352811
0.099934 18.459961
0.102372 18.556562
0.104809 18.642369
0.107246 18.717164
0.109684 18.780764
0.112121 18.833010
0.114559 18.873778
0.116996 18.902968
0.119434 18.920509
0.121871 18.926361

0.121871 18.926361
0.124309 18.921950
0.126746 18.908727
0.129183 18.886727
0.131621 18.856005
0.134058 18.816642
0.136496 18.768739
0.138933 18.712420
0.141371 18.647834
0.143808 18.575152
0.146245 18.494567
0.148683 18.406296
0.151120 18.310581
0.153558 18.207685
0.155995 18.097898
0.158432 17.981530
0.160870 17.858920
0.163307 17.730427
0.165745 17.596438
0.168182 17.457360
0.170620 17.313630
0.173057 17.165706
0.175494 17.014071
0.177932 16.859233
0.180369 16.701725
0.182807 16.542100
0.185244 16.380938
0.187682 16.218840
0.190119 16.056426
0.192556 15.894339
0.194994 15.733238
0.197431 15.573800
0.199869 15.416713
0.202306 15.262681
0.204743 15.112411
0.207181 14.966618
0.209618 14.826015
0.212056 14.691312
0.214493 14.563209
0.216930 14.442390
0.219368 14.329520
0.221805 14.225235
0.224243 14.130138
0.226680 14.044791
0.229118 13.969710
0.231555 13.905356
0.233992 13.852132
0.236430 13.810376
0.238867 13.780355
0.241305 13.762264
0.243742 13.756220

0.243742 13.756220
0.247189 13.763876
0.250636 13.786664
0.254083 13.824060
0.257530 13.875206
0.260977 13.938947
0.264424 14.013865
0.267871 14.098323
0.271318 14.190514
0.274765 14.288504
0.278212 14.390276
0.281660 14.493777
0.285107 14.596952
0.288554 14.697779
0.292001 14.794301
0.295448 14.884649
0.298895 14.967067
0.302342 15.039930
0.305789 15.101761
0.309236 15.151248
0.312683 15.187250
0.316130 15.208814
0.319577 15.215181
0.323024 15.205793
0.326471 15.180305
0.329918 15.138583
0.333365 15.080718
0.336812 15.007026
0.340259 14.918052
0.343706 14.814572
0.347153 14.697594
0.350600 14.568359
0.354047 14.428329
0.357494 14.279183
0.360941 14.122799
0.364388 13.961234
0.367835 13.796689
0.371282 13.631471
0.374729 13.467946
0.378177 13.308478
0.381624 13.155365
0.385071 13.010780
0.388518 12.876708
0.391965 12.754896
0.395412 12.646827
0.398859 12.553703
0.402306 12.476457
0.405753 12.415775
0.409200 12.372133
0.412647 12.345837
0.416094 12.337054

0.416094 12.337054
0.420316 12.348426
0.424537 12.382385
0.428759 12.438446
0.432981 12.515757
0.437203 12.613054
0.441424 12.728622
0.445646 12.860283
0.449868 13.005438
0.454089 13.161142
0.458311 13.324228
0.462533 13.491454
0.466755 13.659651
0.470977 13.825872
0.475198 13.987514
0.479420 14.142410
0.483642 14.288898
0.487863 14.425860
0.492085 14.552736
0.496307 14.669516
0.500529 14.776713
0.504750 14.875319
0.508972 14.966748
0.513194 15.052768
0.517416 15.135411
0.521637 15.216884
0.525859 15.299466
0.530081 15.385399
0.534303 15.476784
0.538524 15.575467
0.542746 15.682950
0.546968 15.800302
0.551189 15.928101
0.555411 16.066385
0.559633 16.214649
0.563855 16.371850
0.568076 16.536447
0.572298 16.706462
0.576520 16.879555
0.580742 17.053108
0.584963 17.224320
0.589185 17.390295
0.593407 17.548138
0.597629 17.695032
0.601850 17.828315
0.606072 17.945550
0.610294 18.044578
0.614516 18.123570
0.618737 18.181063
0.622959 18.215991
0.627181 18.227706

0.627181 18.227706
0.630628 18.219942
0.634075 18.196760
0.637522 18.158493
0.640969 18.105697
0.644416 18.039141
0.647863 17.959807
0.651310 17.868880
0.654757 17.767740
0.658204 17.657950
0.661651 17.541242
0.665098 17.419496
0.668545 17.294723
0.671992 17.169036
0.675439 17.044624
0.678886 16.923713
0.682333 16.808536
0.685780 16.701284
0.689227 16.604066
0.692674 16.518862
0.696121 16.447478
0.699569 16.391496
0.703016 16.352240
0.706463 16.330730
0.709910 16.327663
0.713357 16.343384
0.716804 16.377883
0.720251 16.430789
0.723698 16.501386
0.727145 16.588630
0.730592 16.691181
0.734039 16.807437
0.737486 16.935573
0.740933 17.073590
0.744380 17.219356
0.747827 17.370649
0.751274 17.525204
0.754721 17.680748
0.758168 17.835041
0.761615 17.985902
0.765062 18.131245
0.768509 18.269096
0.771956 18.397622
0.775403 18.515140
0.778850 18.620138
0.782297 18.711285
0.785744 18.787440
0.789191 18.847659
0.792638 18.891205
0.796086 18.917545
0.799532 18.926361

0.799532 18.227706
0.801970 18.223820
0.804407 18.212173
0.806845 18.192795
0.809282 18.165739
0.811720 18.131079
0.814157 18.088908
0.816595 18.039343
0.819032 17.982520
0.821469 17.918597
0.823907 17.847752
0.826344 17.770187
0.828782 17.686122
0.831219 17.595802
0.833656 17.499491
0.836094 17.397475
0.838531 17.290063
0.840969 17.177583
0.843406 17.060387
0.845843 16.938847
0.848281 16.813358
0.850718 16.684333
0.853156 16.552208
0.855593 16.417440
0.858031 16.280504
0.860468 16.141895
0.862905 16.002126
0.865343 15.861727
0.867780 15.721245
0.870218 15.581241
0.872655 15.442288
0.875093 15.304972
0.877530 15.169886
0.879967 15.037628
0.882405 14.908800
0.884842 14.784005
0.887280 14.663840
0.889717 14.548895
0.892154 14.439748
0.894592 14.336960
0.897029 14.241073
0.899467 14.152600
0.901904 14.072026
0.904342 13.999800
0.906779 13.936330
0.909216 13.881981
0.911654 13.837068
0.914091 13.801856
0.916529 13.776554
0.918966 13.761311
0.921404 13.756220


